{
  "Cucumber": {
    "coverage": {
      "/Users/ashleygarcia/Workspace/prism/prism/app/models/organization.rb": {
        "lines": [
          1,
          1,
          1,
          null,
          1,
          null
        ]
      },
      "/Users/ashleygarcia/Workspace/prism/prism/app/models/application_record.rb": {
        "lines": [
          1,
          1,
          null
        ]
      },
      "/Users/ashleygarcia/Workspace/prism/prism/app/controllers/api/v1/auth_controller.rb": {
        "lines": [
          null,
          null,
          1,
          1,
          1,
          1,
          null,
          1,
          null,
          2,
          1,
          1,
          1,
          null,
          0,
          0,
          null,
          null,
          2,
          null,
          2,
          2,
          2,
          2,
          null,
          null,
          null,
          null,
          null,
          null,
          null,
          null,
          null,
          null,
          null,
          null,
          null,
          0,
          null,
          null,
          0,
          null,
          null,
          1,
          2,
          null,
          2,
          1,
          1,
          1,
          null,
          null,
          null,
          null,
          null,
          null,
          null,
          null,
          null,
          1,
          null,
          null,
          null,
          1,
          null,
          1,
          4,
          null,
          null,
          1,
          1,
          null,
          null,
          null,
          null
        ]
      },
      "/Users/ashleygarcia/Workspace/prism/prism/app/controllers/api/base_controller.rb": {
        "lines": [
          null,
          null,
          1,
          1,
          1,
          null,
          1,
          null,
          1,
          null,
          1,
          11,
          null,
          11,
          1,
          1,
          null,
          null,
          10,
          null,
          null,
          10,
          10,
          null,
          0,
          null,
          0,
          null,
          null,
          null,
          1,
          null,
          null,
          null,
          null
        ]
      },
      "/Users/ashleygarcia/Workspace/prism/prism/app/models/user.rb": {
        "lines": [
          1,
          1,
          1,
          1,
          null,
          1,
          null,
          1,
          1,
          30,
          null
        ]
      },
      "/Users/ashleygarcia/Workspace/prism/prism/lib/json_web_token.rb": {
        "lines": [
          null,
          1,
          null,
          1,
          1,
          null,
          1,
          40,
          null,
          null,
          null,
          null,
          null,
          1,
          28,
          28,
          28,
          28,
          null,
          null,
          null,
          1,
          12,
          null,
          36,
          12,
          null,
          null,
          null
        ]
      },
      "/Users/ashleygarcia/Workspace/prism/prism/app/services/audit_logger.rb": {
        "lines": [
          null,
          1,
          1,
          1,
          8,
          null,
          null,
          null,
          null,
          null,
          null,
          null,
          null,
          null
        ]
      },
      "/Users/ashleygarcia/Workspace/prism/prism/app/models/audit_event.rb": {
        "lines": [
          1,
          1,
          1,
          null,
          null,
          1,
          null,
          null,
          null,
          null,
          null,
          null,
          null,
          null
        ]
      },
      "/Users/ashleygarcia/Workspace/prism/prism/app/controllers/api/v1/organizations_controller.rb": {
        "lines": [
          null,
          null,
          1,
          1,
          1,
          1,
          1,
          1,
          null,
          null,
          null,
          null,
          null,
          0,
          null,
          null,
          1,
          0,
          null,
          0,
          0,
          null,
          null,
          null,
          null,
          null,
          0,
          null,
          null,
          null,
          1,
          null,
          1,
          0,
          null,
          null,
          null,
          null
        ]
      },
      "/Users/ashleygarcia/Workspace/prism/prism/app/controllers/api/v1/datasets_controller.rb": {
        "lines": [
          null,
          null,
          1,
          1,
          1,
          1,
          0,
          0,
          null,
          0,
          null,
          null,
          0,
          null,
          null,
          null,
          null,
          null,
          null,
          null,
          null,
          1,
          1,
          1,
          1,
          1,
          1,
          null,
          null,
          null,
          null,
          null,
          null,
          0,
          null,
          null,
          null,
          1,
          1,
          1,
          null,
          1,
          0,
          null,
          null,
          1,
          null,
          null,
          null,
          null,
          null,
          null,
          null,
          null,
          1,
          null,
          1,
          1,
          null,
          null,
          null,
          null
        ]
      },
      "/Users/ashleygarcia/Workspace/prism/prism/app/models/dataset.rb": {
        "lines": [
          1,
          1,
          1,
          1,
          null,
          1,
          null,
          1,
          null,
          1,
          null,
          1,
          24,
          null,
          null,
          null,
          null,
          null,
          null
        ]
      },
      "/Users/ashleygarcia/Workspace/prism/prism/app/models/privacy_budget.rb": {
        "lines": [
          null,
          null,
          1,
          1,
          null,
          1,
          1,
          1,
          1,
          null,
          1,
          null,
          1,
          9,
          null,
          null,
          1,
          6,
          null,
          null,
          1,
          null,
          1,
          37,
          null,
          37,
          0,
          null,
          null,
          null
        ]
      },
      "/Users/ashleygarcia/Workspace/prism/prism/app/services/privacy_budget_service.rb": {
        "lines": [
          null,
          null,
          1,
          1,
          1,
          6,
          null,
          6,
          0,
          null,
          null,
          null,
          null,
          null,
          null,
          6,
          6,
          null,
          2,
          null,
          null,
          null,
          null,
          null,
          null,
          null,
          null,
          null,
          4,
          null,
          null,
          4,
          null,
          null,
          null,
          null,
          null,
          null,
          1,
          3,
          null,
          3,
          3,
          null,
          null,
          null,
          null,
          null,
          3,
          null,
          null,
          1,
          1,
          null,
          1,
          1,
          null,
          null,
          null,
          null,
          1,
          null,
          null,
          null
        ]
      },
      "/Users/ashleygarcia/Workspace/prism/prism/app/controllers/api/v1/queries_controller.rb": {
        "lines": [
          null,
          null,
          1,
          1,
          1,
          1,
          2,
          2,
          null,
          2,
          1,
          null,
          null,
          null,
          null,
          null,
          null,
          null,
          null,
          null,
          1,
          null,
          null,
          null,
          null,
          null,
          null,
          null,
          1,
          null,
          null,
          null,
          1,
          0,
          0,
          null,
          null,
          null,
          null,
          null,
          null,
          null,
          null,
          1,
          2,
          null,
          2,
          0,
          null,
          null,
          null,
          null,
          null,
          2,
          null,
          2,
          1,
          null,
          null,
          null,
          null,
          null,
          1,
          null,
          null,
          null,
          null,
          null,
          null,
          1,
          1,
          null,
          null,
          1,
          null,
          null,
          null,
          null,
          null,
          1,
          null,
          1,
          null,
          null,
          null,
          null,
          null,
          null,
          null,
          null,
          1,
          null,
          1,
          2,
          null,
          null,
          null,
          null
        ]
      },
      "/Users/ashleygarcia/Workspace/prism/prism/app/models/query.rb": {
        "lines": [
          1,
          1,
          1,
          1,
          null,
          1,
          null,
          1,
          1,
          null,
          1,
          null,
          1,
          8,
          null,
          8,
          null,
          8,
          3,
          null,
          null,
          null,
          1,
          8,
          null,
          8,
          8,
          null,
          null
        ]
      },
      "/Users/ashleygarcia/Workspace/prism/prism/app/services/query_validator.rb": {
        "lines": [
          1,
          null,
          1,
          1,
          1,
          null,
          1,
          1,
          26,
          null,
          null,
          26,
          null,
          null,
          26,
          null,
          26,
          0,
          0,
          null,
          null,
          null,
          26,
          null,
          null,
          26,
          26,
          null,
          null,
          26,
          1,
          null,
          null,
          null,
          26,
          2,
          null,
          null,
          null,
          26,
          null,
          null,
          55,
          26,
          0,
          null,
          null,
          26,
          null,
          null,
          17,
          null,
          null,
          17,
          null,
          null,
          null,
          null,
          0,
          0,
          null,
          null,
          null,
          1,
          null,
          1,
          null,
          9,
          null,
          null,
          null,
          null,
          null,
          1,
          26,
          null,
          26,
          26,
          null,
          26,
          null,
          null,
          1,
          26,
          null,
          26,
          56,
          null,
          56,
          56,
          null,
          26,
          52,
          null,
          null,
          null,
          1,
          26,
          null,
          null,
          26,
          26,
          56,
          null,
          56,
          56,
          null,
          29,
          29,
          29,
          null,
          null,
          null,
          26,
          null,
          null,
          1,
          48,
          null,
          96,
          null,
          null,
          1,
          46,
          null,
          null,
          1,
          20,
          null,
          null,
          19,
          null,
          null,
          1,
          19,
          null,
          null,
          19,
          19,
          19,
          null,
          null,
          19,
          null,
          null,
          19,
          19,
          19,
          19,
          null,
          null,
          19,
          null,
          19,
          null,
          null,
          null,
          null,
          0,
          0,
          0,
          null,
          null,
          0,
          null,
          null,
          1,
          null,
          26,
          26,
          56,
          56,
          null,
          null,
          null,
          null,
          null,
          25,
          50,
          null,
          null,
          null,
          25,
          1,
          null,
          null,
          25,
          null,
          null,
          1,
          57,
          null,
          null,
          57,
          null,
          null,
          56,
          15008,
          15008,
          null,
          56,
          0,
          56,
          0,
          null,
          null,
          null,
          56,
          null,
          null,
          1,
          17,
          null,
          17,
          25,
          null,
          17,
          null,
          8,
          null,
          null,
          null,
          17,
          null,
          null,
          null
        ]
      },
      "/Users/ashleygarcia/Workspace/prism/prism/app/models/run.rb": {
        "lines": [
          1,
          1,
          1,
          null,
          null,
          1,
          null,
          null,
          null,
          null,
          null,
          null,
          1,
          null,
          null,
          1,
          1,
          null,
          null,
          1,
          0,
          null,
          null,
          1,
          0,
          null,
          null,
          1,
          0,
          null,
          null
        ]
      },
      "/Users/ashleygarcia/Workspace/prism/prism/app/jobs/query_execution_job.rb": {
        "lines": [
          1,
          1,
          null,
          1,
          3,
          3,
          null,
          3,
          3,
          3,
          3,
          null,
          null,
          3,
          null,
          null,
          null,
          null,
          3,
          1,
          null,
          null,
          null,
          1,
          null,
          null,
          null,
          null,
          null,
          1,
          null,
          null,
          null,
          2,
          2,
          2,
          null,
          null,
          2,
          null,
          null,
          null,
          null,
          null,
          null,
          2,
          null,
          null,
          null,
          null,
          null,
          null,
          null,
          null,
          null,
          null,
          null,
          2,
          null,
          null,
          null,
          null,
          null,
          null,
          null,
          null,
          0,
          0,
          null,
          null,
          null,
          null,
          null,
          null,
          0,
          null,
          null,
          null,
          0,
          null,
          null,
          null,
          null,
          null,
          0,
          null,
          null
        ]
      },
      "/Users/ashleygarcia/Workspace/prism/prism/app/jobs/application_job.rb": {
        "lines": [
          1,
          null,
          null,
          null,
          null,
          null,
          null
        ]
      },
      "/Users/ashleygarcia/Workspace/prism/prism/app/services/dp_sandbox.rb": {
        "lines": [
          1,
          1,
          2,
          null,
          null,
          1,
          null,
          null,
          null,
          2,
          2,
          null,
          2,
          2,
          null,
          null,
          2,
          null,
          null,
          2,
          null,
          null,
          null,
          null,
          null,
          null,
          null,
          1,
          null,
          1,
          null,
          2,
          2,
          0,
          0,
          0,
          0,
          0,
          0,
          0,
          0,
          null,
          null,
          0,
          null,
          null,
          null
        ]
      },
      "/Users/ashleygarcia/Workspace/prism/prism/app/controllers/api/v1/runs_controller.rb": {
        "lines": [
          null,
          null,
          1,
          1,
          1,
          1,
          1,
          null,
          1,
          null,
          null,
          null,
          null,
          null,
          null,
          null,
          null,
          null,
          null,
          null,
          null,
          null,
          null,
          1,
          1,
          null,
          1,
          1,
          null,
          null,
          null,
          null,
          0,
          null,
          null,
          null,
          null,
          null,
          null,
          null,
          null
        ]
      },
      "/Users/ashleygarcia/Workspace/prism/prism/app/controllers/api/v1/audit_events_controller.rb": {
        "lines": [
          0,
          0,
          0,
          0,
          0,
          0,
          0,
          null,
          0,
          0,
          null,
          0,
          null,
          0,
          0,
          0,
          0,
          0,
          0,
          0,
          0,
          0,
          0,
          0,
          0,
          0,
          0,
          0
        ],
        "branches": {}
      },
      "/Users/ashleygarcia/Workspace/prism/prism/app/controllers/api/v1/audits_controller.rb": {
        "lines": [
          null,
          null,
          0,
          0,
          0,
          0,
          0,
          0
        ],
        "branches": {}
      },
      "/Users/ashleygarcia/Workspace/prism/prism/app/controllers/api/v1/data_rooms_controller.rb": {
        "lines": [
          null,
          null,
          0,
          0,
          0,
          0,
          0,
          0
        ],
        "branches": {}
      },
      "/Users/ashleygarcia/Workspace/prism/prism/app/controllers/api/v1/policies_controller.rb": {
        "lines": [
          null,
          null,
          0,
          0,
          0,
          0,
          0,
          0
        ],
        "branches": {}
      },
      "/Users/ashleygarcia/Workspace/prism/prism/app/controllers/application_controller.rb": {
        "lines": [
          0,
          null,
          0,
          null,
          0,
          0,
          null,
          0,
          null,
          0,
          0,
          0,
          null,
          0,
          0,
          0,
          null,
          0,
          0,
          0,
          0,
          0,
          0
        ],
        "branches": {}
      },
      "/Users/ashleygarcia/Workspace/prism/prism/app/controllers/audit_events_controller.rb": {
        "lines": [
          null,
          null,
          0,
          0,
          0,
          0,
          0,
          0,
          0,
          0
        ],
        "branches": {}
      },
      "/Users/ashleygarcia/Workspace/prism/prism/app/controllers/dashboard_controller.rb": {
        "lines": [
          null,
          null,
          0,
          0,
          0,
          0,
          0,
          0,
          0,
          0
        ],
        "branches": {}
      },
      "/Users/ashleygarcia/Workspace/prism/prism/app/controllers/datasets_controller.rb": {
        "lines": [
          null,
          null,
          0,
          0,
          0,
          0,
          null,
          0,
          0,
          0,
          0,
          0,
          null,
          0,
          0,
          0,
          null,
          0,
          0,
          null,
          0,
          0,
          0,
          0,
          0,
          0,
          null,
          0,
          null,
          0,
          0,
          0,
          0
        ],
        "branches": {}
      },
      "/Users/ashleygarcia/Workspace/prism/prism/app/controllers/queries_controller.rb": {
        "lines": [
          null,
          null,
          0,
          0,
          0,
          0,
          null,
          0,
          0,
          0,
          0,
          null,
          0,
          0,
          0,
          0,
          0,
          null,
          0,
          0,
          0,
          0,
          null,
          0,
          0,
          0,
          0,
          0,
          0,
          0,
          null,
          0,
          0,
          0,
          0,
          null,
          0,
          0,
          null,
          0,
          null,
          0,
          0,
          0,
          0
        ],
        "branches": {}
      },
      "/Users/ashleygarcia/Workspace/prism/prism/app/controllers/runs_controller.rb": {
        "lines": [
          null,
          null,
          0,
          0,
          0,
          0,
          0,
          0,
          0,
          0,
          0
        ],
        "branches": {}
      },
      "/Users/ashleygarcia/Workspace/prism/prism/app/controllers/sessions_controller.rb": {
        "lines": [
          null,
          null,
          0,
          0,
          0,
          null,
          0,
          null,
          0,
          0,
          null,
          0,
          0,
          null,
          0,
          0,
          0,
          0,
          0,
          0,
          0,
          0,
          null,
          0,
          null,
          0,
          0,
          null,
          0,
          null,
          0,
          null,
          0,
          null,
          0,
          null,
          0,
          null,
          0,
          0,
          0,
          0,
          0,
          0,
          0,
          0,
          0,
          0,
          0,
          0,
          null,
          0,
          0,
          0,
          0,
          0,
          null,
          0,
          null,
          0,
          0,
          0,
          null,
          0,
          0,
          0,
          0
        ],
        "branches": {}
      },
      "/Users/ashleygarcia/Workspace/prism/prism/app/helpers/application_helper.rb": {
        "lines": [
          0,
          0
        ],
        "branches": {}
      },
      "/Users/ashleygarcia/Workspace/prism/prism/app/mailers/application_mailer.rb": {
        "lines": [
          0,
          0,
          0,
          0
        ],
        "branches": {}
      },
      "/Users/ashleygarcia/Workspace/prism/prism/app/models/policy.rb": {
        "lines": [
          0,
          0,
          0
        ],
        "branches": {}
      }
    },
    "timestamp": 1761795730
  },
  "RSpec": {
    "coverage": {
      "/Users/kaikaizhang/Documents/25fall/EAAS-SaaS/prism/app/helpers/application_helper.rb": {
        "lines": [
          1,
          null
        ],
        "branches": {}
      },
      "/Users/kaikaizhang/Documents/25fall/EAAS-SaaS/prism/app/controllers/api/base_controller.rb": {
        "lines": [
          null,
          null,
          1,
          1,
          1,
          null,
          1,
          null,
          1,
          null,
          1,
          128,
          null,
          128,
          8,
          8,
          null,
          null,
          120,
          null,
          null,
          120,
          118,
          null,
          2,
          null,
          1,
          null,
          null,
          null,
          1,
          null,
          null,
          null,
          null
        ],
        "branches": {
          "[:unless, 0, 14, 6, 17, 9]": {
            "[:else, 1, 14, 6, 17, 9]": 120,
            "[:then, 2, 15, 8, 16, 14]": 8
          }
        }
      },
      "/Users/kaikaizhang/Documents/25fall/EAAS-SaaS/prism/app/controllers/api/v1/audit_events_controller.rb": {
        "lines": [
          1,
          1,
          1,
          1,
          15,
          15,
          15,
          null,
          15,
          15,
          null,
          15,
          null,
          15,
          null,
          null,
          null,
          null,
          47,
          null,
          null,
          null,
          null,
          null,
          null,
          null,
          null,
          null
        ],
        "branches": {
          "[:if, 0, 7, 8, 7, 92]": {
            "[:then, 1, 7, 8, 7, 58]": 3,
            "[:else, 2, 7, 8, 7, 92]": 12
          },
          "[:if, 3, 9, 15, 9, 62]": {
            "[:then, 4, 9, 40, 9, 58]": 1,
            "[:else, 5, 9, 61, 9, 62]": 14
          },
          "[:if, 6, 10, 15, 10, 73]": {
            "[:then, 7, 10, 45, 10, 68]": 2,
            "[:else, 8, 10, 71, 10, 73]": 13
          }
        }
      },
      "/Users/kaikaizhang/Documents/25fall/EAAS-SaaS/prism/app/controllers/api/v1/auth_controller.rb": {
        "lines": [
          null,
          null,
          1,
          1,
          1,
          1,
          null,
          1,
          null,
          10,
          5,
          5,
          2,
          null,
          3,
          3,
          null,
          null,
          7,
          null,
          7,
          7,
          7,
          7,
          null,
          null,
          null,
          null,
          null,
          null,
          null,
          null,
          null,
          null,
          null,
          null,
          null,
          0,
          null,
          null,
          0,
          null,
          null,
          1,
          6,
          null,
          6,
          3,
          3,
          3,
          null,
          null,
          null,
          null,
          null,
          null,
          null,
          null,
          null,
          3,
          null,
          null,
          null,
          1,
          null,
          1,
          14,
          null,
          null,
          1,
          5,
          null,
          null,
          null,
          null
        ],
        "branches": {
          "[:if, 0, 10, 23, 17, 11]": {
            "[:then, 1, 11, 10, 11, 51]": 5,
            "[:else, 2, 12, 8, 16, 16]": 5
          },
          "[:if, 3, 12, 8, 16, 16]": {
            "[:then, 4, 13, 10, 13, 58]": 2,
            "[:else, 5, 15, 10, 16, 16]": 3
          },
          "[:if, 6, 21, 8, 39, 11]": {
            "[:then, 7, 22, 10, 36, 29]": 7,
            "[:else, 8, 38, 10, 38, 91]": 0
          },
          "[:\"&.\", 9, 47, 11, 47, 48]": {
            "[:then, 10, 47, 11, 47, 48]": 5,
            "[:else, 11, 47, 11, 47, 48]": 1
          },
          "[:if, 12, 47, 8, 61, 11]": {
            "[:then, 13, 48, 10, 58, 24]": 3,
            "[:else, 14, 60, 10, 60, 84]": 3
          }
        }
      },
      "/Users/kaikaizhang/Documents/25fall/EAAS-SaaS/prism/app/controllers/api/v1/datasets_controller.rb": {
        "lines": [
          null,
          null,
          1,
          1,
          1,
          1,
          2,
          2,
          null,
          2,
          null,
          null,
          4,
          null,
          null,
          null,
          null,
          null,
          null,
          null,
          null,
          1,
          8,
          8,
          8,
          6,
          6,
          null,
          null,
          null,
          null,
          null,
          null,
          2,
          null,
          null,
          null,
          null,
          1,
          2,
          2,
          null,
          null,
          2,
          2,
          null,
          2,
          2,
          null,
          2,
          null,
          1,
          null,
          null,
          null,
          null,
          null,
          null,
          1,
          null,
          null,
          null,
          null,
          null,
          null,
          1,
          null,
          null,
          null,
          null,
          1,
          2,
          2,
          null,
          2,
          0,
          null,
          null,
          2,
          null,
          null,
          null,
          null,
          null,
          null,
          null,
          null,
          1,
          null,
          1,
          8,
          null,
          null,
          null,
          null
        ],
        "branches": {
          "[:if, 0, 25, 8, 35, 11]": {
            "[:then, 1, 26, 10, 32, 29]": 6,
            "[:else, 2, 34, 10, 34, 94]": 2
          },
          "[:if, 3, 45, 8, 45, 94]": {
            "[:then, 4, 45, 8, 45, 79]": 0,
            "[:else, 5, 45, 8, 45, 94]": 2
          },
          "[:if, 6, 47, 14, 47, 64]": {
            "[:then, 7, 47, 44, 47, 57]": 2,
            "[:else, 8, 47, 60, 47, 64]": 0
          },
          "[:if, 9, 48, 19, 48, 95]": {
            "[:then, 10, 48, 58, 48, 80]": 2,
            "[:else, 11, 48, 83, 48, 95]": 0
          },
          "[:unless, 12, 75, 8, 77, 11]": {
            "[:else, 13, 75, 8, 77, 11]": 2,
            "[:then, 14, 76, 10, 76, 104]": 0
          }
        }
      },
      "/Users/kaikaizhang/Documents/25fall/EAAS-SaaS/prism/app/controllers/api/v1/organizations_controller.rb": {
        "lines": [
          null,
          null,
          1,
          1,
          1,
          1,
          4,
          2,
          null,
          null,
          null,
          null,
          null,
          2,
          null,
          null,
          1,
          6,
          null,
          6,
          3,
          null,
          null,
          null,
          null,
          null,
          3,
          null,
          null,
          null,
          1,
          null,
          1,
          6,
          null,
          null,
          null,
          null
        ],
        "branches": {
          "[:if, 0, 20, 8, 28, 11]": {
            "[:then, 1, 21, 10, 25, 29]": 3,
            "[:else, 2, 27, 10, 27, 99]": 3
          }
        }
      },
      "/Users/kaikaizhang/Documents/25fall/EAAS-SaaS/prism/app/controllers/api/v1/queries_controller.rb": {
        "lines": [
          null,
          null,
          1,
          1,
          1,
          1,
          9,
          9,
          null,
          9,
          5,
          null,
          null,
          null,
          null,
          null,
          null,
          null,
          null,
          null,
          null,
          5,
          null,
          null,
          null,
          null,
          null,
          null,
          null,
          null,
          4,
          null,
          null,
          null,
          1,
          3,
          3,
          null,
          null,
          null,
          null,
          null,
          null,
          null,
          null,
          null,
          1,
          7,
          null,
          7,
          0,
          null,
          null,
          null,
          null,
          null,
          7,
          null,
          7,
          4,
          null,
          null,
          null,
          null,
          null,
          3,
          null,
          null,
          null,
          null,
          null,
          null,
          1,
          6,
          null,
          null,
          6,
          0,
          0,
          null,
          null,
          null,
          null,
          null,
          null,
          null,
          6,
          null,
          null,
          null,
          null,
          null,
          6,
          null,
          6,
          null,
          null,
          null,
          null,
          null,
          null,
          null,
          0,
          null,
          null,
          1,
          0,
          null,
          null,
          1,
          null,
          1,
          9,
          null,
          null,
          null,
          null
        ],
        "branches": {
          "[:if, 0, 10, 8, 32, 11]": {
            "[:then, 1, 11, 10, 29, 29]": 5,
            "[:else, 2, 31, 10, 31, 92]": 4
          },
          "[:unless, 3, 50, 8, 55, 11]": {
            "[:else, 4, 50, 8, 55, 11]": 7,
            "[:then, 5, 51, 10, 54, 33]": 0
          },
          "[:if, 6, 59, 8, 70, 11]": {
            "[:then, 7, 60, 10, 64, 24]": 4,
            "[:else, 8, 66, 10, 69, 42]": 3
          },
          "[:unless, 9, 77, 8, 84, 11]": {
            "[:else, 10, 77, 8, 84, 11]": 6,
            "[:then, 11, 78, 10, 83, 42]": 0
          }
        }
      },
      "/Users/kaikaizhang/Documents/25fall/EAAS-SaaS/prism/app/controllers/api/v1/runs_controller.rb": {
        "lines": [
          null,
          null,
          1,
          1,
          1,
          1,
          10,
          null,
          10,
          null,
          null,
          null,
          null,
          null,
          null,
          null,
          null,
          null,
          null,
          null,
          null,
          null,
          null,
          1,
          4,
          null,
          4,
          4,
          null,
          null,
          null,
          null,
          0,
          null,
          null,
          null,
          null,
          null,
          null,
          null,
          null
        ],
        "branches": {
          "[:if, 0, 27, 8, 37, 11]": {
            "[:then, 1, 28, 10, 31, 24]": 4,
            "[:else, 2, 33, 10, 36, 30]": 0
          }
        }
      },
      "/Users/kaikaizhang/Documents/25fall/EAAS-SaaS/prism/app/jobs/query_execution_job.rb": {
        "lines": [
          1,
          1,
          null,
          1,
          16,
          16,
          null,
          16,
          16,
          16,
          16,
          null,
          null,
          16,
          16,
          null,
          null,
          null,
          null,
          16,
          4,
          null,
          null,
          null,
          4,
          null,
          null,
          null,
          null,
          null,
          4,
          null,
          null,
          null,
          null,
          12,
          null,
          null,
          12,
          12,
          null,
          12,
          null,
          null,
          0,
          null,
          null,
          0,
          null,
          0,
          null,
          8,
          null,
          null,
          8,
          8,
          null,
          null,
          null,
          null,
          null,
          null,
          null,
          8,
          null,
          null,
          null,
          null,
          null,
          null,
          null,
          null,
          null,
          null,
          null,
          null,
          null,
          null,
          8,
          null,
          null,
          null,
          null,
          null,
          null,
          null,
          null,
          4,
          4,
          null,
          null,
          null,
          null,
          null,
          null,
          4,
          null,
          null,
          null,
          4,
          null,
          null,
          null,
          null,
          null,
          4,
          null,
          null
        ],
        "branches": {
          "[:if, 0, 88, 4, 94, 7]": {
            "[:then, 1, 89, 6, 93, 7]": 4,
            "[:else, 2, 88, 4, 94, 7]": 0
          },
          "[:\"&.\", 3, 101, 20, 101, 31]": {
            "[:then, 4, 101, 20, 101, 31]": 0,
            "[:else, 5, 101, 20, 101, 31]": 0
          },
          "[:\"&.\", 6, 104, 28, 104, 37]": {
            "[:then, 7, 104, 28, 104, 37]": 4,
            "[:else, 8, 104, 28, 104, 37]": 0
          },
          "[:\"&.\", 9, 104, 51, 104, 62]": {
            "[:then, 10, 104, 51, 104, 62]": 4,
            "[:else, 11, 104, 51, 104, 62]": 0
          },
          "[:if, 12, 14, 4, 33, 7]": {
            "[:then, 13, 15, 6, 32, 9]": 16,
            "[:else, 14, 14, 4, 33, 7]": 0
          },
          "[:unless, 15, 20, 6, 32, 9]": {
            "[:else, 16, 20, 6, 32, 9]": 12,
            "[:then, 17, 21, 8, 31, 14]": 4
          },
          "[:case, 18, 40, 13, 51, 7]": {
            "[:when, 19, 42, 6, 42, 67]": 12,
            "[:when, 20, 45, 6, 45, 22]": 0,
            "[:when, 21, 48, 6, 48, 22]": 0,
            "[:else, 22, 50, 6, 50, 47]": 0
          },
          "[:if, 23, 55, 4, 61, 7]": {
            "[:then, 24, 56, 6, 60, 7]": 8,
            "[:else, 25, 55, 4, 61, 7]": 0
          }
        }
      },
      "/Users/kaikaizhang/Documents/25fall/EAAS-SaaS/prism/app/jobs/application_job.rb": {
        "lines": [
          1,
          null,
          null,
          null,
          null,
          null,
          null
        ],
        "branches": {}
      },
      "/Users/kaikaizhang/Documents/25fall/EAAS-SaaS/prism/app/models/audit_event.rb": {
        "lines": [
          1,
          1,
          1,
          null,
          null,
          1,
          null,
          null,
          null,
          null,
          null,
          null,
          null,
          null,
          null,
          null,
          null,
          null,
          null,
          null
        ],
        "branches": {}
      },
      "/Users/kaikaizhang/Documents/25fall/EAAS-SaaS/prism/app/models/application_record.rb": {
        "lines": [
          1,
          1,
          null
        ],
        "branches": {}
      },
      "/Users/kaikaizhang/Documents/25fall/EAAS-SaaS/prism/app/models/data_room_invitation.rb": {
        "lines": [
          null,
          null,
          1,
          1,
          1,
          1,
          null,
          1,
          null,
          null,
          null,
          1,
          null,
          1,
          1,
          null,
          null,
          1,
          null,
          null,
          null,
          null,
          null,
          null,
          null,
          1,
          10,
          null,
          null,
          null,
          1,
          7,
          null,
          4,
          4,
          null,
          4,
          null,
          null,
          null,
          null,
          null,
          null,
          null,
          4,
          null,
          null,
          null,
          1,
          1,
          null,
          null,
          1,
          null,
          1,
          39,
          null,
          null,
          1,
          39,
          null,
          null
        ],
        "branches": {
          "[:if, 0, 32, 4, 32, 28]": {
            "[:then, 1, 32, 4, 32, 16]": 3,
            "[:else, 2, 32, 4, 32, 28]": 4
          }
        }
      },
      "/Users/kaikaizhang/Documents/25fall/EAAS-SaaS/prism/app/models/data_room_participant.rb": {
        "lines": [
          null,
          null,
          1,
          1,
          1,
          1,
          null,
          1,
          null,
          null,
          null,
          null,
          1,
          null,
          null,
          null,
          null,
          null,
          1,
          null,
          null,
          null,
          null,
          null,
          null,
          null,
          1,
          7,
          null,
          null,
          null,
          1,
          15,
          null,
          null,
          null,
          null,
          null,
          null,
          null,
          1,
          1,
          null,
          null
        ],
        "branches": {}
      },
      "/Users/kaikaizhang/Documents/25fall/EAAS-SaaS/prism/app/models/data_room.rb": {
        "lines": [
          null,
          null,
          1,
          1,
          1,
          1,
          1,
          1,
          null,
          1,
          1,
          1,
          null,
          null,
          null,
          null,
          null,
          1,
          null,
          null,
          null,
          null,
          null,
          null,
          null,
          null,
          1,
          45,
          null,
          null,
          null,
          1,
          11,
          null,
          null,
          null,
          1,
          23,
          null,
          null,
          null,
          1,
          17,
          null,
          null
        ],
        "branches": {}
      },
      "/Users/kaikaizhang/Documents/25fall/EAAS-SaaS/prism/app/models/dataset.rb": {
        "lines": [
          1,
          1,
          1,
          1,
          null,
          1,
          1,
          null,
          1,
          1,
          null,
          null,
          1,
          0,
          null,
          null,
          1,
          null,
          1,
          211,
          null,
          null,
          null,
          null,
          null,
          null,
          1,
          null,
          211,
          211,
          null,
          null
        ],
        "branches": {}
      },
      "/Users/kaikaizhang/Documents/25fall/EAAS-SaaS/prism/app/models/organization.rb": {
        "lines": [
          1,
          1,
          1,
          null,
          1,
          null
        ],
        "branches": {}
      },
      "/Users/kaikaizhang/Documents/25fall/EAAS-SaaS/prism/app/models/policy.rb": {
        "lines": [
          1,
          1,
          null
        ],
        "branches": {}
      },
      "/Users/kaikaizhang/Documents/25fall/EAAS-SaaS/prism/app/models/privacy_budget.rb": {
        "lines": [
          null,
          null,
          1,
          1,
          null,
          1,
          1,
          1,
          1,
          null,
          1,
          null,
          1,
          44,
          null,
          null,
          1,
          27,
          null,
          null,
          1,
          null,
          1,
          283,
          null,
          283,
          1,
          null,
          null,
          null
        ],
        "branches": {
          "[:unless, 0, 24, 4, 24, 71]": {
            "[:else, 1, 24, 4, 24, 71]": 283,
            "[:then, 2, 24, 4, 24, 10]": 0
          },
          "[:if, 3, 26, 4, 28, 7]": {
            "[:then, 4, 27, 6, 27, 84]": 1,
            "[:else, 5, 26, 4, 28, 7]": 282
          }
        }
      },
      "/Users/kaikaizhang/Documents/25fall/EAAS-SaaS/prism/app/models/query.rb": {
        "lines": [
          1,
          1,
          1,
          1,
          null,
          1,
          1,
          95,
          0,
          null,
          1,
          1,
          null,
          1,
          1,
          1,
          null,
          1,
          null,
          1,
          95,
          null,
          null,
          1,
          95,
          null,
          92,
          null,
          92,
          25,
          null,
          null,
          null,
          1,
          95,
          null,
          92,
          92,
          null,
          null,
          1,
          95,
          null,
          95,
          0,
          0,
          null,
          null,
          null,
          null,
          null,
          null,
          1,
          95,
          null,
          92,
          92,
          75,
          17,
          2,
          15,
          10,
          5,
          0,
          5,
          0,
          null,
          5,
          null,
          null,
          87,
          null,
          87,
          0,
          0,
          0,
          null,
          null,
          null,
          null,
          null
        ],
        "branches": {
          "[:unless, 0, 25, 4, 25, 21]": {
            "[:else, 1, 25, 4, 25, 21]": 92,
            "[:then, 2, 25, 4, 25, 10]": 3
          },
          "[:unless, 3, 29, 4, 31, 7]": {
            "[:else, 4, 29, 4, 31, 7]": 85,
            "[:then, 5, 30, 6, 30, 66]": 7
          },
          "[:unless, 6, 35, 4, 35, 21]": {
            "[:else, 7, 35, 4, 35, 21]": 92,
            "[:then, 8, 35, 4, 35, 10]": 3
          },
          "[:if, 9, 38, 4, 38, 83]": {
            "[:then, 10, 38, 4, 38, 61]": 85,
            "[:else, 11, 38, 4, 38, 83]": 7
          },
          "[:unless, 12, 42, 4, 42, 25]": {
            "[:else, 13, 42, 4, 42, 25]": 95,
            "[:then, 14, 42, 4, 42, 10]": 0
          },
          "[:unless, 15, 44, 4, 48, 7]": {
            "[:else, 16, 44, 4, 48, 7]": 95,
            "[:then, 17, 45, 6, 47, 97]": 0
          },
          "[:\"&.\", 18, 47, 53, 47, 94]": {
            "[:then, 19, 47, 53, 47, 94]": 0,
            "[:else, 20, 47, 53, 47, 94]": 0
          },
          "[:unless, 21, 54, 4, 54, 32]": {
            "[:else, 22, 54, 4, 54, 32]": 92,
            "[:then, 23, 54, 4, 54, 10]": 3
          },
          "[:if, 24, 57, 16, 69, 7]": {
            "[:then, 25, 58, 6, 58, 13]": 75,
            "[:else, 26, 59, 4, 68, 67]": 17
          },
          "[:if, 27, 59, 4, 68, 67]": {
            "[:then, 28, 60, 6, 60, 11]": 2,
            "[:else, 29, 61, 4, 68, 67]": 15
          },
          "[:if, 30, 61, 4, 68, 67]": {
            "[:then, 31, 62, 6, 62, 11]": 10,
            "[:else, 32, 63, 4, 68, 67]": 5
          },
          "[:if, 33, 63, 4, 68, 67]": {
            "[:then, 34, 64, 6, 64, 11]": 0,
            "[:else, 35, 65, 4, 68, 67]": 5
          },
          "[:if, 36, 65, 4, 68, 67]": {
            "[:then, 37, 66, 6, 66, 11]": 0,
            "[:else, 38, 68, 6, 68, 12]": 5
          },
          "[:unless, 39, 71, 4, 71, 61]": {
            "[:else, 40, 71, 4, 71, 61]": 87,
            "[:then, 41, 71, 4, 71, 10]": 0
          },
          "[:unless, 42, 73, 4, 77, 7]": {
            "[:else, 43, 73, 4, 77, 7]": 87,
            "[:then, 44, 74, 6, 76, 95]": 0
          }
        }
      },
      "/Users/kaikaizhang/Documents/25fall/EAAS-SaaS/prism/app/models/run.rb": {
        "lines": [
          1,
          1,
          1,
          null,
          null,
          1,
          null,
          null,
          null,
          null,
          null,
          null,
          1,
          null,
          null,
          1,
          7,
          null,
          null,
          1,
          1,
          null,
          null,
          1,
          1,
          null,
          null,
          1,
          1,
          null,
          null
        ],
        "branches": {}
      },
      "/Users/kaikaizhang/Documents/25fall/EAAS-SaaS/prism/app/models/user.rb": {
        "lines": [
          1,
          1,
          1,
          1,
          null,
          1,
          null,
          1,
          1,
          344,
          null
        ],
        "branches": {}
      },
      "/Users/kaikaizhang/Documents/25fall/EAAS-SaaS/prism/app/services/audit_logger.rb": {
        "lines": [
          null,
          1,
          1,
          1,
          65,
          null,
          null,
          null,
          null,
          null,
          null,
          null,
          null,
          null
        ],
        "branches": {
          "[:\"&.\", 0, 8, 21, 8, 34]": {
            "[:then, 1, 8, 21, 8, 34]": 50,
            "[:else, 2, 8, 21, 8, 34]": 15
          },
          "[:\"&.\", 3, 8, 21, 8, 40]": {
            "[:then, 4, 8, 21, 8, 40]": 50,
            "[:else, 5, 8, 21, 8, 40]": 15
          },
          "[:\"&.\", 6, 9, 21, 9, 31]": {
            "[:then, 7, 9, 21, 9, 31]": 50,
            "[:else, 8, 9, 21, 9, 31]": 15
          }
        }
      },
      "/Users/kaikaizhang/Documents/25fall/EAAS-SaaS/prism/app/services/backend_registry.rb": {
        "lines": [
          null,
          null,
          null,
          null,
          1,
          1,
          1,
          null,
          null,
          1,
          null,
          null,
          null,
          null,
          null,
          null,
          null,
          null,
          null,
          null,
          null,
          null,
          null,
          null,
          null,
          null,
          null,
          null,
          null,
          null,
          null,
          null,
          null,
          null,
          null,
          null,
          null,
          null,
          null,
          null,
          null,
          null,
          null,
          null,
          null,
          null,
          null,
          null,
          null,
          null,
          null,
          null,
          null,
          null,
          null,
          null,
          null,
          null,
          null,
          null,
          1,
          null,
          1,
          5,
          null,
          null,
          null,
          1,
          109,
          109,
          null,
          108,
          null,
          null,
          null,
          1,
          191,
          191,
          null,
          190,
          null,
          null,
          null,
          1,
          15,
          null,
          15,
          2,
          2,
          null,
          2,
          null,
          null,
          null,
          null,
          13,
          13,
          null,
          13,
          13,
          null,
          null,
          null,
          1,
          91,
          91,
          91,
          null,
          null,
          null,
          1,
          1,
          4,
          null,
          null,
          null,
          null,
          1,
          1,
          1,
          null,
          null,
          null
        ],
        "branches": {
          "[:unless, 0, 70, 6, 70, 84]": {
            "[:else, 1, 70, 6, 70, 84]": 108,
            "[:then, 2, 70, 6, 70, 70]": 1
          },
          "[:unless, 3, 78, 6, 78, 32]": {
            "[:else, 4, 78, 6, 78, 32]": 190,
            "[:then, 5, 78, 6, 78, 18]": 1
          },
          "[:unless, 6, 87, 6, 94, 9]": {
            "[:else, 7, 87, 6, 94, 9]": 13,
            "[:then, 8, 88, 8, 93, 66]": 2
          },
          "[:\"&.\", 9, 88, 23, 88, 56]": {
            "[:then, 10, 88, 23, 88, 56]": 2,
            "[:else, 11, 88, 23, 88, 56]": 0
          },
          "[:unless, 12, 97, 6, 97, 108]": {
            "[:else, 13, 97, 6, 97, 108]": 13,
            "[:then, 14, 97, 6, 97, 81]": 0
          }
        }
      },
      "/Users/kaikaizhang/Documents/25fall/EAAS-SaaS/prism/app/services/dp_sandbox.rb": {
        "lines": [
          null,
          null,
          1,
          1,
          null,
          1,
          1,
          1,
          null,
          1,
          23,
          23,
          null,
          null,
          1,
          18,
          null,
          null,
          18,
          null,
          null,
          18,
          null,
          null,
          0,
          0,
          0,
          null,
          null,
          null,
          0,
          null,
          null,
          null,
          null,
          null,
          null,
          null,
          null,
          null,
          18,
          18,
          null,
          null,
          1,
          null,
          1,
          null,
          null,
          18,
          null,
          null,
          18,
          null,
          null,
          null,
          null,
          null,
          null,
          null,
          null,
          1,
          null,
          null,
          null,
          null,
          18,
          null,
          18,
          null,
          null,
          18,
          null,
          null,
          18000,
          null,
          null,
          null,
          null,
          null,
          null,
          0,
          null,
          null,
          0,
          null,
          null,
          0,
          null,
          null,
          null,
          null,
          null,
          null,
          0,
          null,
          null,
          0,
          null,
          null,
          0,
          null,
          null,
          null,
          null,
          null,
          null,
          null,
          null,
          null,
          0,
          0,
          null,
          null,
          null,
          null,
          1,
          null,
          18,
          null,
          18,
          72,
          null,
          null,
          72036,
          null,
          36,
          null,
          36,
          null,
          null,
          null,
          18,
          null,
          null,
          1,
          18,
          null,
          null,
          18,
          null,
          null,
          null,
          null,
          null,
          null,
          18,
          18,
          18,
          null,
          null,
          0,
          null,
          0,
          0,
          null,
          null,
          1,
          null,
          18,
          null,
          18,
          9,
          9,
          8,
          1,
          1,
          0,
          0,
          0,
          0,
          null,
          0,
          null,
          null,
          null,
          18,
          null,
          null,
          null,
          18,
          null,
          null,
          null,
          null,
          null,
          null,
          null,
          null,
          1,
          null,
          1,
          18,
          18,
          9,
          8,
          0,
          0,
          0,
          null,
          null
        ],
        "branches": {
          "[:unless, 0, 25, 4, 28, 7]": {
            "[:else, 1, 25, 4, 28, 7]": 0,
            "[:then, 2, 26, 6, 27, 68]": 0
          },
          "[:if, 3, 69, 4, 114, 7]": {
            "[:then, 4, 71, 6, 81, 7]": 18,
            "[:else, 5, 82, 4, 113, 7]": 0
          },
          "[:if, 6, 82, 4, 113, 7]": {
            "[:then, 7, 84, 6, 94, 7]": 0,
            "[:else, 8, 95, 4, 113, 7]": 0
          },
          "[:if, 9, 95, 4, 113, 7]": {
            "[:then, 10, 97, 6, 107, 7]": 0,
            "[:else, 11, 110, 6, 113, 7]": 0
          },
          "[:if, 12, 122, 6, 122, 88]": {
            "[:then, 13, 122, 6, 122, 10]": 36,
            "[:else, 14, 122, 6, 122, 88]": 36
          },
          "[:if, 15, 127, 6, 130, 9]": {
            "[:then, 16, 129, 8, 129, 48]": 36,
            "[:else, 17, 127, 6, 130, 9]": 0
          },
          "[:unless, 18, 147, 4, 150, 7]": {
            "[:else, 19, 147, 4, 150, 7]": 0,
            "[:then, 20, 148, 6, 149, 63]": 18
          },
          "[:if, 21, 162, 18, 174, 7]": {
            "[:then, 22, 163, 20, 163, 52]": 9,
            "[:else, 23, 164, 4, 173, 48]": 9
          },
          "[:if, 24, 164, 4, 173, 48]": {
            "[:then, 25, 165, 20, 165, 62]": 8,
            "[:else, 26, 166, 4, 173, 48]": 1
          },
          "[:if, 27, 166, 4, 173, 48]": {
            "[:then, 28, 167, 20, 167, 52]": 1,
            "[:else, 29, 168, 4, 173, 48]": 0
          },
          "[:if, 30, 168, 4, 173, 48]": {
            "[:then, 31, 169, 20, 169, 44]": 0,
            "[:else, 32, 170, 4, 173, 48]": 0
          },
          "[:if, 33, 170, 4, 173, 48]": {
            "[:then, 34, 171, 20, 171, 46]": 0,
            "[:else, 35, 173, 20, 173, 48]": 0
          },
          "[:if, 36, 194, 4, 194, 42]": {
            "[:then, 37, 194, 4, 194, 18]": 9,
            "[:else, 38, 194, 4, 194, 42]": 9
          },
          "[:if, 39, 195, 4, 195, 40]": {
            "[:then, 40, 195, 4, 195, 16]": 1,
            "[:else, 41, 195, 4, 195, 40]": 8
          },
          "[:if, 42, 196, 4, 196, 66]": {
            "[:then, 43, 196, 4, 196, 16]": 8,
            "[:else, 44, 196, 4, 196, 66]": 0
          },
          "[:if, 45, 197, 4, 197, 40]": {
            "[:then, 46, 197, 4, 197, 16]": 0,
            "[:else, 47, 197, 4, 197, 40]": 0
          },
          "[:if, 48, 198, 4, 198, 40]": {
            "[:then, 49, 198, 4, 198, 16]": 0,
            "[:else, 50, 198, 4, 198, 40]": 0
          }
        }
      },
      "/Users/kaikaizhang/Documents/25fall/EAAS-SaaS/prism/app/services/mock_mpc_executor.rb": {
        "lines": [
          null,
          null,
          null,
          null,
          1,
          1,
          null,
          1,
          14,
          null,
          null,
          1,
          14,
          null,
          null,
          14,
          14,
          null,
          null,
          14,
          null,
          12,
          null,
          1,
          null,
          1,
          null,
          0,
          null,
          null,
          14,
          null,
          null,
          14,
          null,
          null,
          null,
          null,
          null,
          null,
          null,
          null,
          null,
          null,
          null,
          null,
          null,
          null,
          null,
          null,
          null,
          null,
          null,
          null,
          1,
          null,
          1,
          14,
          12,
          2,
          1,
          1,
          1,
          null,
          0,
          null,
          null,
          null,
          1,
          null,
          12,
          null,
          12,
          null,
          null,
          1,
          null,
          1,
          null,
          1,
          null,
          null,
          1,
          null,
          1,
          null,
          1,
          null,
          null
        ],
        "branches": {
          "[:case, 0, 20, 18, 29, 7]": {
            "[:when, 1, 22, 6, 22, 27]": 12,
            "[:when, 2, 24, 6, 24, 25]": 1,
            "[:when, 3, 26, 6, 26, 25]": 1,
            "[:else, 4, 28, 6, 28, 65]": 0
          },
          "[:if, 5, 58, 4, 66, 7]": {
            "[:then, 6, 59, 6, 59, 12]": 12,
            "[:else, 7, 60, 4, 65, 14]": 2
          },
          "[:if, 8, 60, 4, 65, 14]": {
            "[:then, 9, 61, 6, 61, 10]": 1,
            "[:else, 10, 62, 4, 65, 14]": 1
          },
          "[:if, 11, 62, 4, 65, 14]": {
            "[:then, 12, 63, 6, 63, 10]": 1,
            "[:else, 13, 65, 6, 65, 14]": 0
          }
        }
      },
      "/Users/kaikaizhang/Documents/25fall/EAAS-SaaS/prism/app/services/privacy_budget_service.rb": {
        "lines": [
          null,
          null,
          1,
          1,
          1,
          24,
          null,
          24,
          0,
          null,
          null,
          null,
          null,
          null,
          null,
          24,
          24,
          null,
          7,
          null,
          null,
          null,
          null,
          null,
          null,
          null,
          null,
          null,
          17,
          null,
          null,
          17,
          null,
          null,
          null,
          null,
          null,
          null,
          1,
          11,
          null,
          11,
          11,
          null,
          null,
          null,
          null,
          null,
          11,
          null,
          null,
          1,
          7,
          null,
          7,
          7,
          null,
          null,
          null,
          null,
          7,
          null,
          null,
          null
        ],
        "branches": {
          "[:unless, 0, 8, 6, 13, 9]": {
            "[:else, 1, 8, 6, 13, 9]": 24,
            "[:then, 2, 9, 8, 12, 9]": 0
          },
          "[:unless, 3, 17, 8, 26, 11]": {
            "[:else, 4, 17, 8, 26, 11]": 17,
            "[:then, 5, 18, 10, 25, 11]": 7
          }
        }
      },
      "/Users/kaikaizhang/Documents/25fall/EAAS-SaaS/prism/app/services/query_validator.rb": {
        "lines": [
          1,
          null,
          1,
          1,
          1,
          null,
          1,
          1,
          220,
          null,
          null,
          220,
          null,
          null,
          220,
          null,
          220,
          0,
          0,
          null,
          null,
          null,
          220,
          null,
          null,
          220,
          220,
          null,
          null,
          null,
          220,
          220,
          null,
          220,
          21,
          null,
          null,
          null,
          220,
          5,
          null,
          null,
          null,
          220,
          null,
          null,
          480,
          220,
          0,
          null,
          null,
          220,
          null,
          null,
          190,
          null,
          null,
          190,
          null,
          null,
          null,
          null,
          0,
          0,
          null,
          null,
          null,
          1,
          null,
          1,
          null,
          30,
          null,
          null,
          null,
          null,
          null,
          1,
          220,
          null,
          220,
          220,
          null,
          220,
          null,
          null,
          1,
          220,
          null,
          220,
          449,
          null,
          449,
          449,
          null,
          185,
          370,
          null,
          null,
          null,
          1,
          220,
          null,
          null,
          220,
          220,
          449,
          null,
          449,
          449,
          null,
          260,
          260,
          260,
          null,
          null,
          null,
          220,
          null,
          null,
          1,
          418,
          null,
          836,
          null,
          null,
          1,
          220,
          null,
          null,
          1,
          null,
          220,
          null,
          220,
          null,
          220,
          449,
          null,
          449,
          449,
          null,
          null,
          449,
          185,
          null,
          null,
          null,
          220,
          null,
          null,
          1,
          162,
          null,
          null,
          158,
          null,
          null,
          1,
          158,
          null,
          null,
          158,
          158,
          158,
          null,
          null,
          158,
          null,
          null,
          158,
          158,
          158,
          158,
          null,
          null,
          158,
          null,
          158,
          null,
          null,
          null,
          null,
          0,
          0,
          0,
          null,
          null,
          0,
          null,
          null,
          1,
          null,
          220,
          220,
          449,
          449,
          null,
          null,
          null,
          null,
          null,
          216,
          428,
          null,
          null,
          null,
          216,
          2,
          null,
          null,
          216,
          null,
          null,
          1,
          451,
          null,
          null,
          451,
          null,
          null,
          447,
          119796,
          119796,
          null,
          447,
          0,
          447,
          0,
          null,
          null,
          null,
          447,
          null,
          null,
          1,
          190,
          null,
          190,
          253,
          null,
          169,
          null,
          84,
          null,
          null,
          null,
          190,
          null,
          null,
          null
        ],
        "branches": {
          "[:unless, 0, 17, 8, 20, 11]": {
            "[:else, 1, 17, 8, 20, 11]": 220,
            "[:then, 2, 18, 10, 19, 46]": 0
          },
          "[:if, 3, 23, 8, 23, 96]": {
            "[:then, 4, 23, 8, 23, 66]": 15,
            "[:else, 5, 23, 8, 23, 96]": 205
          },
          "[:if, 6, 27, 8, 27, 74]": {
            "[:then, 7, 27, 8, 27, 54]": 23,
            "[:else, 8, 27, 8, 27, 74]": 197
          },
          "[:if, 9, 34, 8, 36, 11]": {
            "[:then, 10, 35, 10, 35, 75]": 21,
            "[:else, 11, 34, 8, 36, 11]": 199
          },
          "[:if, 12, 39, 8, 41, 11]": {
            "[:then, 13, 40, 10, 40, 87]": 5,
            "[:else, 14, 39, 8, 41, 11]": 215
          },
          "[:if, 15, 44, 8, 44, 76]": {
            "[:then, 16, 44, 8, 44, 46]": 4,
            "[:else, 17, 44, 8, 44, 76]": 216
          },
          "[:if, 18, 48, 8, 50, 11]": {
            "[:then, 19, 49, 10, 49, 89]": 0,
            "[:else, 20, 48, 8, 50, 11]": 220
          },
          "[:if, 21, 52, 8, 52, 59]": {
            "[:then, 22, 52, 8, 52, 44]": 30,
            "[:else, 23, 52, 8, 52, 59]": 190
          },
          "[:\"&.\", 24, 79, 24, 79, 47]": {
            "[:then, 25, 79, 24, 79, 47]": 220,
            "[:else, 26, 79, 24, 79, 47]": 0
          },
          "[:unless, 27, 79, 6, 79, 47]": {
            "[:else, 28, 79, 6, 79, 47]": 220,
            "[:then, 29, 79, 6, 79, 16]": 0
          },
          "[:unless, 30, 82, 6, 82, 37]": {
            "[:else, 31, 82, 6, 82, 37]": 220,
            "[:then, 32, 82, 6, 82, 16]": 0
          },
          "[:\"&.\", 33, 88, 26, 88, 55]": {
            "[:then, 34, 88, 26, 88, 55]": 220,
            "[:else, 35, 88, 26, 88, 55]": 0
          },
          "[:unless, 36, 88, 6, 88, 55]": {
            "[:else, 37, 88, 6, 88, 55]": 220,
            "[:then, 38, 88, 6, 88, 18]": 0
          },
          "[:unless, 39, 91, 8, 91, 42]": {
            "[:else, 40, 91, 8, 91, 42]": 449,
            "[:then, 41, 91, 8, 91, 12]": 0
          },
          "[:\"&.\", 42, 94, 20, 94, 46]": {
            "[:then, 43, 94, 20, 94, 46]": 449,
            "[:else, 44, 94, 20, 94, 46]": 0
          },
          "[:unless, 45, 94, 8, 94, 46]": {
            "[:else, 46, 94, 8, 94, 46]": 185,
            "[:then, 47, 94, 8, 94, 12]": 264
          },
          "[:\"&.\", 48, 105, 9, 105, 38]": {
            "[:then, 49, 105, 9, 105, 38]": 220,
            "[:else, 50, 105, 9, 105, 38]": 0
          },
          "[:if, 51, 105, 6, 116, 9]": {
            "[:then, 52, 106, 8, 115, 11]": 220,
            "[:else, 53, 105, 6, 116, 9]": 0
          },
          "[:unless, 54, 107, 10, 107, 44]": {
            "[:else, 55, 107, 10, 107, 44]": 449,
            "[:then, 56, 107, 10, 107, 14]": 0
          },
          "[:\"&.\", 57, 110, 22, 110, 47]": {
            "[:then, 58, 110, 22, 110, 47]": 449,
            "[:else, 59, 110, 22, 110, 47]": 0
          },
          "[:unless, 60, 110, 10, 110, 47]": {
            "[:else, 61, 110, 10, 110, 47]": 260,
            "[:then, 62, 110, 10, 110, 14]": 189
          },
          "[:if, 63, 114, 10, 114, 45]": {
            "[:then, 64, 114, 10, 114, 32]": 260,
            "[:else, 65, 114, 10, 114, 45]": 0
          },
          "[:\"&.\", 66, 122, 24, 122, 48]": {
            "[:then, 67, 122, 24, 122, 48]": 418,
            "[:else, 68, 122, 24, 122, 48]": 0
          },
          "[:unless, 69, 122, 6, 122, 48]": {
            "[:else, 70, 122, 6, 122, 48]": 418,
            "[:then, 71, 122, 6, 122, 16]": 0
          },
          "[:\"&.\", 72, 128, 6, 128, 36]": {
            "[:then, 73, 128, 6, 128, 36]": 220,
            "[:else, 74, 128, 6, 128, 36]": 0
          },
          "[:\"&.\", 75, 133, 26, 133, 55]": {
            "[:then, 76, 133, 26, 133, 55]": 220,
            "[:else, 77, 133, 26, 133, 55]": 0
          },
          "[:unless, 78, 133, 6, 133, 55]": {
            "[:else, 79, 133, 6, 133, 55]": 220,
            "[:then, 80, 133, 6, 133, 18]": 0
          },
          "[:unless, 81, 138, 8, 138, 42]": {
            "[:else, 82, 138, 8, 138, 42]": 449,
            "[:then, 83, 138, 8, 138, 12]": 0
          },
          "[:unless, 84, 141, 8, 141, 34]": {
            "[:else, 85, 141, 8, 141, 34]": 449,
            "[:then, 86, 141, 8, 141, 12]": 0
          },
          "[:if, 87, 144, 8, 146, 11]": {
            "[:then, 88, 145, 10, 145, 28]": 185,
            "[:else, 89, 144, 8, 146, 11]": 264
          },
          "[:unless, 90, 153, 6, 153, 51]": {
            "[:else, 91, 153, 6, 153, 51]": 158,
            "[:then, 92, 153, 6, 153, 18]": 4
          },
          "[:unless, 93, 160, 6, 160, 30]": {
            "[:else, 94, 160, 6, 160, 30]": 158,
            "[:then, 95, 160, 6, 160, 18]": 0
          },
          "[:if, 96, 163, 6, 181, 9]": {
            "[:then, 97, 164, 8, 180, 11]": 158,
            "[:else, 98, 163, 6, 181, 9]": 0
          },
          "[:\"&.\", 99, 165, 19, 165, 35]": {
            "[:then, 100, 165, 19, 165, 35]": 158,
            "[:else, 101, 165, 19, 165, 35]": 0
          },
          "[:\"&.\", 102, 165, 19, 165, 43]": {
            "[:then, 103, 165, 19, 165, 43]": 158,
            "[:else, 104, 165, 19, 165, 43]": 0
          },
          "[:\"&.\", 105, 165, 19, 165, 49]": {
            "[:then, 106, 165, 19, 165, 49]": 158,
            "[:else, 107, 165, 19, 165, 49]": 0
          },
          "[:unless, 108, 168, 8, 168, 60]": {
            "[:else, 109, 168, 8, 168, 60]": 158,
            "[:then, 110, 168, 8, 168, 20]": 0
          },
          "[:\"&.\", 111, 171, 11, 171, 32]": {
            "[:then, 112, 171, 11, 171, 32]": 158,
            "[:else, 113, 171, 11, 171, 32]": 0
          },
          "[:if, 114, 171, 8, 180, 11]": {
            "[:then, 115, 172, 10, 179, 69]": 158,
            "[:else, 116, 171, 8, 180, 11]": 0
          },
          "[:\"&.\", 117, 174, 21, 174, 38]": {
            "[:then, 118, 174, 21, 174, 38]": 158,
            "[:else, 119, 174, 21, 174, 38]": 0
          },
          "[:\"&.\", 120, 177, 22, 177, 41]": {
            "[:then, 121, 177, 22, 177, 41]": 158,
            "[:else, 122, 177, 22, 177, 41]": 0
          },
          "[:\"&.\", 123, 177, 22, 177, 47]": {
            "[:then, 124, 177, 22, 177, 47]": 158,
            "[:else, 125, 177, 22, 177, 47]": 0
          },
          "[:\"&.\", 126, 177, 22, 177, 53]": {
            "[:then, 127, 177, 22, 177, 53]": 158,
            "[:else, 128, 177, 22, 177, 53]": 0
          },
          "[:if, 129, 184, 6, 187, 9]": {
            "[:then, 130, 185, 8, 186, 63]": 0,
            "[:else, 131, 184, 6, 187, 9]": 0
          },
          "[:\"&.\", 132, 186, 15, 186, 25]": {
            "[:then, 133, 186, 15, 186, 25]": 0,
            "[:else, 134, 186, 15, 186, 25]": 0
          },
          "[:\"&.\", 135, 194, 9, 194, 38]": {
            "[:then, 136, 194, 9, 194, 38]": 220,
            "[:else, 137, 194, 9, 194, 38]": 0
          },
          "[:if, 138, 194, 6, 200, 9]": {
            "[:then, 139, 195, 8, 199, 11]": 220,
            "[:else, 140, 194, 6, 200, 9]": 0
          },
          "[:\"&.\", 141, 196, 13, 196, 40]": {
            "[:then, 142, 196, 13, 196, 40]": 449,
            "[:else, 143, 196, 13, 196, 40]": 0
          },
          "[:if, 144, 196, 10, 198, 13]": {
            "[:then, 145, 197, 12, 197, 74]": 449,
            "[:else, 146, 196, 10, 198, 13]": 0
          },
          "[:if, 147, 197, 12, 197, 74]": {
            "[:then, 148, 197, 12, 197, 23]": 4,
            "[:else, 149, 197, 12, 197, 74]": 445
          },
          "[:\"&.\", 150, 203, 9, 203, 38]": {
            "[:then, 151, 203, 9, 203, 38]": 216,
            "[:else, 152, 203, 9, 203, 38]": 0
          },
          "[:if, 153, 203, 6, 205, 9]": {
            "[:then, 154, 204, 8, 204, 93]": 214,
            "[:else, 155, 203, 6, 205, 9]": 2
          },
          "[:if, 156, 204, 8, 204, 93]": {
            "[:then, 157, 204, 8, 204, 19]": 0,
            "[:else, 158, 204, 8, 204, 93]": 214
          },
          "[:if, 159, 208, 6, 210, 9]": {
            "[:then, 160, 209, 8, 209, 68]": 2,
            "[:else, 161, 208, 6, 210, 9]": 214
          },
          "[:if, 162, 209, 8, 209, 68]": {
            "[:then, 163, 209, 8, 209, 19]": 0,
            "[:else, 164, 209, 8, 209, 68]": 2
          },
          "[:unless, 165, 216, 6, 216, 30]": {
            "[:else, 166, 216, 6, 216, 30]": 451,
            "[:then, 167, 216, 6, 216, 18]": 0
          },
          "[:if, 168, 219, 6, 219, 34]": {
            "[:then, 169, 219, 6, 219, 17]": 4,
            "[:else, 170, 219, 6, 219, 34]": 447
          },
          "[:if, 171, 224, 8, 224, 26]": {
            "[:then, 172, 224, 8, 224, 12]": 119349,
            "[:else, 173, 224, 8, 224, 26]": 447
          },
          "[:if, 174, 226, 8, 230, 11]": {
            "[:then, 175, 227, 10, 227, 72]": 0,
            "[:else, 176, 228, 8, 229, 51]": 447
          },
          "[:if, 177, 227, 10, 227, 72]": {
            "[:then, 178, 227, 10, 227, 21]": 0,
            "[:else, 179, 227, 10, 227, 72]": 0
          },
          "[:if, 180, 228, 8, 229, 51]": {
            "[:then, 181, 229, 10, 229, 51]": 0,
            "[:else, 182, 228, 8, 229, 51]": 447
          },
          "[:if, 183, 229, 10, 229, 51]": {
            "[:then, 184, 229, 10, 229, 21]": 0,
            "[:else, 185, 229, 10, 229, 51]": 0
          },
          "[:case, 186, 240, 8, 245, 11]": {
            "[:when, 187, 242, 10, 242, 24]": 169,
            "[:when, 188, 244, 10, 244, 24]": 84,
            "[:else, 189, 240, 8, 245, 11]": 0
          }
        }
      },
      "/Users/kaikaizhang/Documents/25fall/EAAS-SaaS/prism/app/controllers/application_controller.rb": {
        "lines": [
          1,
          null,
          1,
          null,
          1,
          1,
          1,
          null,
          1,
          null,
          1,
          null,
          33,
          0,
          null,
          null,
          null,
          1,
          78,
          null,
          null,
          1,
          17,
          null,
          null,
          1,
          12,
          0,
          null,
          null,
          12,
          0,
          null,
          null,
          null
        ],
        "branches": {
          "[:if, 0, 13, 4, 15, 7]": {
            "[:then, 1, 14, 6, 14, 52]": 0,
            "[:else, 2, 13, 4, 15, 7]": 33
          },
          "[:if, 3, 19, 4, 19, 78]": {
            "[:then, 4, 19, 4, 19, 57]": 67,
            "[:else, 5, 19, 4, 19, 78]": 11
          },
          "[:if, 6, 27, 4, 29, 7]": {
            "[:then, 7, 28, 6, 28, 52]": 0,
            "[:else, 8, 27, 4, 29, 7]": 12
          },
          "[:unless, 9, 31, 4, 33, 7]": {
            "[:else, 10, 31, 4, 33, 7]": 12,
            "[:then, 11, 32, 6, 32, 64]": 0
          }
        }
      },
      "/Users/kaikaizhang/Documents/25fall/EAAS-SaaS/prism/lib/json_web_token.rb": {
        "lines": [
          null,
          1,
          null,
          1,
          1,
          null,
          1,
          240,
          null,
          null,
          null,
          null,
          null,
          1,
          120,
          120,
          120,
          120,
          null,
          null,
          null,
          1,
          120,
          null,
          354,
          118,
          null,
          null
        ],
        "branches": {
          "[:if, 0, 15, 11, 15, 49]": {
            "[:then, 1, 15, 33, 15, 44]": 120,
            "[:else, 2, 15, 47, 15, 49]": 0
          },
          "[:unless, 3, 16, 4, 16, 36]": {
            "[:else, 4, 16, 4, 16, 36]": 1,
            "[:then, 5, 16, 4, 16, 19]": 119
          }
        }
      },
      "/Users/kaikaizhang/Documents/25fall/EAAS-SaaS/prism/app/controllers/api/v1/data_rooms_controller.rb": {
        "lines": [
          null,
          null,
          1,
          null,
          1,
          1,
          1,
          null,
          1,
          6,
          null,
          6,
          4,
          null,
          null,
          null,
          null,
          null,
          null,
          null,
          null,
          null,
          4,
          null,
          null,
          null,
          null,
          null,
          null,
          null,
          null,
          null,
          null,
          2,
          null,
          null,
          null,
          null,
          1,
          null,
          5,
          5,
          null,
          null,
          5,
          null,
          5,
          null,
          5,
          null,
          10,
          null,
          null,
          null,
          null,
          null,
          null,
          null,
          null,
          null,
          null,
          null,
          null,
          null,
          1,
          4,
          null,
          3,
          null,
          null,
          null,
          null,
          null,
          null,
          null,
          null,
          null,
          null,
          null,
          null,
          null,
          null,
          3,
          null,
          null,
          null,
          null,
          null,
          null,
          null,
          null,
          null,
          null,
          null,
          null,
          null,
          null,
          1,
          7,
          null,
          null,
          7,
          1,
          null,
          null,
          6,
          null,
          null,
          6,
          2,
          null,
          null,
          4,
          0,
          null,
          null,
          4,
          null,
          null,
          null,
          null,
          4,
          null,
          null,
          null,
          null,
          null,
          null,
          null,
          null,
          null,
          4,
          null,
          null,
          null,
          null,
          null,
          null,
          null,
          null,
          null,
          null,
          1,
          7,
          7,
          null,
          7,
          1,
          null,
          null,
          6,
          null,
          null,
          6,
          1,
          null,
          null,
          null,
          5,
          null,
          null,
          null,
          null,
          null,
          5,
          null,
          null,
          5,
          5,
          null,
          null,
          5,
          null,
          null,
          null,
          null,
          null,
          null,
          null,
          null,
          null,
          5,
          null,
          null,
          null,
          null,
          null,
          null,
          null,
          null,
          null,
          null,
          null,
          1,
          8,
          null,
          8,
          2,
          null,
          null,
          null,
          null,
          null,
          null,
          null,
          null,
          6,
          null,
          null,
          6,
          null,
          null,
          null,
          null,
          null,
          null,
          null,
          6,
          6,
          null,
          6,
          null,
          null,
          null,
          null,
          null,
          null,
          6,
          12,
          null,
          null,
          6,
          null,
          null,
          null,
          null,
          null,
          null,
          null,
          null,
          null,
          6,
          null,
          null,
          null,
          null,
          null,
          null,
          null,
          null,
          0,
          null,
          0,
          null,
          null,
          null,
          null,
          null,
          null,
          0,
          null,
          null,
          null,
          1,
          null,
          1,
          6,
          null,
          null,
          1,
          26,
          null,
          null,
          26,
          null,
          null,
          1,
          null,
          null,
          25,
          null,
          null,
          null,
          null
        ],
        "branches": {
          "[:if, 0, 12, 8, 35, 11]": {
            "[:then, 1, 13, 10, 32, 29]": 4,
            "[:else, 2, 34, 10, 34, 96]": 2
          },
          "[:unless, 3, 102, 8, 104, 11]": {
            "[:else, 4, 102, 8, 104, 11]": 6,
            "[:then, 5, 103, 10, 103, 104]": 1
          },
          "[:if, 6, 109, 8, 111, 11]": {
            "[:then, 7, 110, 10, 110, 102]": 2,
            "[:else, 8, 109, 8, 111, 11]": 4
          },
          "[:if, 9, 113, 8, 115, 11]": {
            "[:then, 10, 114, 10, 114, 108]": 0,
            "[:else, 11, 113, 8, 115, 11]": 4
          },
          "[:unless, 12, 147, 8, 149, 11]": {
            "[:else, 13, 147, 8, 149, 11]": 6,
            "[:then, 14, 148, 10, 148, 87]": 1
          },
          "[:unless, 15, 154, 8, 156, 11]": {
            "[:else, 16, 154, 8, 156, 11]": 5,
            "[:then, 17, 155, 10, 155, 107]": 1
          },
          "[:if, 18, 168, 8, 170, 11]": {
            "[:then, 19, 169, 10, 169, 47]": 5,
            "[:else, 20, 168, 8, 170, 11]": 0
          },
          "[:unless, 21, 197, 8, 204, 11]": {
            "[:else, 22, 197, 8, 204, 11]": 6,
            "[:then, 23, 198, 10, 203, 42]": 2
          },
          "[:unless, 24, 274, 8, 278, 11]": {
            "[:else, 25, 274, 8, 278, 11]": 25,
            "[:then, 26, 277, 10, 277, 44]": 1
          }
        }
      },
      "/Users/kaikaizhang/Documents/25fall/EAAS-SaaS/prism/app/controllers/sessions_controller.rb": {
        "lines": [
          null,
          null,
          1,
          1,
          1,
          null,
          1,
          null,
          3,
          null,
          null,
          1,
          12,
          null,
          12,
          10,
          10,
          null,
          2,
          2,
          null,
          null,
          null,
          1,
          null,
          2,
          null,
          null,
          1,
          null,
          4,
          null,
          4,
          null,
          3,
          null,
          3,
          null,
          1,
          1,
          null,
          2,
          2,
          2,
          null,
          null,
          1,
          1,
          null,
          null,
          null,
          1,
          1,
          1,
          1,
          null,
          null,
          1,
          null,
          1,
          3,
          null,
          null,
          1,
          4,
          null,
          null
        ],
        "branches": {
          "[:if, 0, 9, 4, 9, 44]": {
            "[:then, 1, 9, 4, 9, 30]": 1,
            "[:else, 2, 9, 4, 9, 44]": 2
          },
          "[:\"&.\", 3, 15, 7, 15, 44]": {
            "[:then, 4, 15, 7, 15, 44]": 11,
            "[:else, 5, 15, 7, 15, 44]": 1
          },
          "[:if, 6, 15, 4, 21, 7]": {
            "[:then, 7, 16, 6, 17, 71]": 10,
            "[:else, 8, 19, 6, 20, 48]": 2
          },
          "[:if, 9, 26, 4, 26, 44]": {
            "[:then, 10, 26, 4, 26, 30]": 1,
            "[:else, 11, 26, 4, 26, 44]": 1
          },
          "[:if, 12, 33, 4, 49, 7]": {
            "[:then, 13, 35, 6, 45, 9]": 3,
            "[:else, 14, 47, 6, 48, 57]": 1
          },
          "[:if, 15, 37, 6, 45, 9]": {
            "[:then, 16, 39, 8, 40, 108]": 1,
            "[:else, 17, 42, 8, 44, 59]": 2
          }
        }
      },
      "/Users/kaikaizhang/Documents/25fall/EAAS-SaaS/prism/app/controllers/dashboard_controller.rb": {
        "lines": [
          null,
          null,
          1,
          1,
          8,
          8,
          14,
          8,
          null,
          null
        ],
        "branches": {
          "[:\"&.\", 0, 7, 50, 7, 84]": {
            "[:then, 1, 7, 50, 7, 84]": 6,
            "[:else, 2, 7, 50, 7, 84]": 0
          }
        }
      },
      "/Users/kaikaizhang/Documents/25fall/EAAS-SaaS/prism/app/services/dataset_ingestor.rb": {
        "lines": [
          null,
          1,
          null,
          1,
          1,
          null,
          1,
          null,
          1,
          2,
          2,
          2,
          2,
          null,
          null,
          1,
          2,
          2,
          null,
          1,
          1,
          null,
          null,
          1,
          1,
          null,
          1,
          1,
          1,
          null,
          5,
          null,
          1,
          1,
          1,
          1,
          null,
          null,
          null,
          null,
          1,
          null,
          null,
          null,
          1,
          null,
          1,
          null,
          0,
          0,
          0,
          null,
          null,
          1,
          null,
          1,
          2,
          0,
          0,
          0,
          0,
          null,
          2,
          null,
          null,
          null,
          1,
          1,
          1,
          1,
          1,
          null,
          null,
          1,
          0,
          0,
          null,
          null,
          1,
          1,
          null,
          0,
          0,
          null,
          null,
          null,
          null,
          null,
          null,
          1,
          1,
          5,
          null,
          null,
          1,
          4,
          null,
          null,
          null,
          1,
          2,
          2,
          8,
          8,
          8,
          8,
          8,
          0,
          0,
          null,
          8,
          8,
          null,
          null,
          null,
          1,
          1,
          1,
          1,
          3,
          3,
          null,
          1,
          1,
          null,
          null,
          1,
          1,
          1,
          null,
          null,
          null,
          5,
          null,
          1,
          3,
          12,
          12,
          12,
          null,
          null,
          1,
          null,
          null,
          1,
          12,
          12,
          9,
          4,
          3,
          null,
          null,
          1,
          12,
          12,
          null,
          null,
          1,
          9,
          5,
          null,
          4,
          null,
          null,
          1,
          4,
          1,
          null,
          3,
          null,
          null,
          1,
          4,
          1,
          1,
          1,
          1,
          null,
          null,
          null,
          null,
          1,
          1,
          5,
          1,
          null,
          null,
          1,
          1,
          null,
          null,
          1,
          1,
          1,
          15,
          15,
          15,
          3,
          3,
          null,
          1,
          null,
          null,
          1,
          12,
          12,
          3,
          3,
          3,
          3,
          null,
          null,
          null,
          6,
          17,
          null
        ],
        "branches": {
          "[:if, 0, 18, 4, 18, 87]": {
            "[:then, 1, 18, 4, 18, 66]": 1,
            "[:else, 2, 18, 4, 18, 87]": 1
          },
          "[:if, 3, 21, 4, 21, 71]": {
            "[:then, 4, 21, 4, 21, 53]": 0,
            "[:else, 5, 21, 4, 21, 71]": 1
          },
          "[:if, 6, 25, 4, 25, 39]": {
            "[:then, 7, 25, 4, 25, 18]": 0,
            "[:else, 8, 25, 4, 25, 39]": 1
          },
          "[:if, 9, 50, 4, 50, 35]": {
            "[:then, 10, 50, 4, 50, 20]": 0,
            "[:else, 11, 50, 4, 50, 35]": 0
          },
          "[:if, 12, 63, 4, 63, 48]": {
            "[:then, 13, 63, 4, 63, 16]": 0,
            "[:else, 14, 63, 4, 63, 48]": 2
          },
          "[:if, 15, 57, 4, 57, 43]": {
            "[:then, 16, 57, 4, 57, 18]": 2,
            "[:else, 17, 57, 4, 57, 43]": 0
          },
          "[:if, 18, 58, 4, 58, 40]": {
            "[:then, 19, 58, 4, 58, 16]": 0,
            "[:else, 20, 58, 4, 58, 40]": 0
          },
          "[:if, 21, 60, 4, 60, 40]": {
            "[:then, 22, 60, 4, 60, 13]": 0,
            "[:else, 23, 60, 4, 60, 40]": 0
          },
          "[:\"&.\", 24, 71, 14, 71, 32]": {
            "[:then, 25, 71, 14, 71, 32]": 1,
            "[:else, 26, 71, 14, 71, 32]": 0
          },
          "[:if, 27, 74, 4, 77, 7]": {
            "[:then, 28, 75, 6, 76, 34]": 0,
            "[:else, 29, 74, 4, 77, 7]": 1
          },
          "[:\"&.\", 30, 76, 16, 76, 34]": {
            "[:then, 31, 76, 16, 76, 34]": 0,
            "[:else, 32, 76, 16, 76, 34]": 0
          },
          "[:if, 33, 91, 4, 91, 29]": {
            "[:then, 34, 91, 4, 91, 13]": 0,
            "[:else, 35, 91, 4, 91, 29]": 1
          },
          "[:if, 36, 96, 4, 96, 42]": {
            "[:then, 37, 96, 4, 96, 14]": 4,
            "[:else, 38, 96, 4, 96, 42]": 0
          },
          "[:if, 39, 104, 6, 104, 33]": {
            "[:then, 40, 104, 6, 104, 18]": 0,
            "[:else, 41, 104, 6, 104, 33]": 8
          },
          "[:while, 42, 107, 6, 110, 9]": {
            "[:body, 43, 108, 8, 109, 29]": 0
          },
          "[:if, 44, 121, 6, 121, 29]": {
            "[:then, 45, 121, 6, 121, 11]": 0,
            "[:else, 46, 121, 6, 121, 29]": 3
          },
          "[:\"&.\", 47, 128, 14, 128, 40]": {
            "[:then, 48, 128, 14, 128, 40]": 1,
            "[:else, 49, 128, 14, 128, 40]": 0
          },
          "[:if, 50, 138, 8, 138, 49]": {
            "[:then, 51, 138, 8, 138, 12]": 0,
            "[:else, 52, 138, 8, 138, 49]": 12
          },
          "[:if, 53, 147, 4, 147, 73]": {
            "[:then, 54, 147, 4, 147, 19]": 3,
            "[:else, 55, 147, 4, 147, 73]": 9
          },
          "[:if, 56, 148, 4, 148, 34]": {
            "[:then, 57, 148, 4, 148, 19]": 5,
            "[:else, 58, 148, 4, 148, 34]": 4
          },
          "[:if, 59, 149, 4, 149, 32]": {
            "[:then, 60, 149, 4, 149, 17]": 1,
            "[:else, 61, 149, 4, 149, 32]": 3
          },
          "[:if, 62, 155, 4, 155, 57]": {
            "[:then, 63, 155, 39, 155, 47]": 4,
            "[:else, 64, 155, 50, 155, 57]": 8
          },
          "[:case, 65, 173, 4, 178, 7]": {
            "[:when, 66, 174, 23, 174, 32]": 1,
            "[:when, 67, 175, 23, 175, 32]": 1,
            "[:when, 68, 176, 23, 176, 41]": 1,
            "[:else, 69, 177, 23, 177, 29]": 1
          },
          "[:if, 70, 205, 4, 205, 47]": {
            "[:then, 71, 205, 4, 205, 14]": 0,
            "[:else, 72, 205, 4, 205, 47]": 12
          },
          "[:case, 73, 206, 4, 211, 7]": {
            "[:when, 74, 207, 33, 207, 81]": 3,
            "[:when, 75, 208, 33, 208, 39]": 3,
            "[:when, 76, 209, 33, 209, 39]": 3,
            "[:else, 77, 210, 33, 210, 39]": 3
          }
        }
      },
      "/Users/kaikaizhang/Documents/25fall/EAAS-SaaS/prism/app/controllers/audit_events_controller.rb": {
        "lines": [
          null,
          null,
          1,
          1,
          1,
          null,
          null,
          null,
          null,
          null
        ],
        "branches": {}
      },
      "/Users/kaikaizhang/Documents/25fall/EAAS-SaaS/prism/app/controllers/queries_controller.rb": {
        "lines": [
          null,
          null,
          1,
          1,
          1,
          null,
          null,
          1,
          0,
          0,
          null,
          null,
          1,
          0,
          0,
          0,
          null,
          null,
          1,
          0,
          0,
          0,
          null,
          0,
          0,
          null,
          0,
          0,
          null,
          null,
          null,
          1,
          0,
          0,
          0,
          null,
          0,
          null,
          null,
          1,
          null,
          1,
          0,
          null,
          null
        ],
        "branches": {
          "[:if, 0, 16, 4, 16, 66]": {
            "[:then, 1, 16, 4, 16, 43]": 0,
            "[:else, 2, 16, 4, 16, 66]": 0
          },
          "[:if, 3, 24, 4, 29, 7]": {
            "[:then, 4, 25, 6, 25, 75]": 0,
            "[:else, 5, 27, 6, 28, 48]": 0
          }
        }
      },
      "/Users/kaikaizhang/Documents/25fall/EAAS-SaaS/prism/app/controllers/runs_controller.rb": {
        "lines": [
          null,
          null,
          1,
          1,
          1,
          null,
          null,
          1,
          1,
          null,
          null
        ],
        "branches": {}
      },
      "/Users/kaikaizhang/Documents/25fall/EAAS-SaaS/prism/app/controllers/api/v1/audits_controller.rb": {
        "lines": [
          null,
          null,
          0,
          0,
          0,
          0,
          0,
          0
        ],
        "branches": {}
      },
      "/Users/kaikaizhang/Documents/25fall/EAAS-SaaS/prism/app/controllers/api/v1/policies_controller.rb": {
        "lines": [
          null,
          null,
          0,
          0,
          0,
          0,
          0,
          0
        ],
        "branches": {}
      },
      "/Users/kaikaizhang/Documents/25fall/EAAS-SaaS/prism/app/controllers/datasets_controller.rb": {
        "lines": [
          null,
          null,
          0,
          0,
          0,
          0,
          null,
          0,
          0,
          0,
          0,
          0,
          null,
          0,
          0,
          0,
          null,
          0,
          0,
          null,
          0,
          0,
          0,
          0,
          0,
          0,
          null,
          0,
          null,
          0,
          0,
          0,
          0
        ],
        "branches": {}
      },
      "/Users/kaikaizhang/Documents/25fall/EAAS-SaaS/prism/app/mailers/application_mailer.rb": {
        "lines": [
          0,
          0,
          0,
          0
        ],
        "branches": {}
      }
    },
    "timestamp": 1762847067
  }
}
