{
  "RSpec": {
    "coverage": {
      "/Users/ashleygarcia/Workspace/prism/prism/app/helpers/application_helper.rb": {
        "lines": [
          1,
          null
        ]
      },
      "/Users/ashleygarcia/Workspace/prism/prism/app/controllers/api/base_controller.rb": {
        "lines": [
          null,
          null,
          1,
          1,
          1,
          null,
          1,
          null,
          1,
          null,
          1,
          72,
          null,
          72,
          3,
          3,
          null,
          null,
          69,
          null,
          null,
          69,
          67,
          null,
          2,
          null,
          1,
          null,
          null,
          null,
          1,
          null,
          null,
          null,
          null
        ]
      },
      "/Users/ashleygarcia/Workspace/prism/prism/app/controllers/api/v1/audit_events_controller.rb": {
        "lines": [
          1,
          1,
          1,
          1,
          13,
          13,
          13,
          null,
          13,
          13,
          null,
          13,
          null,
          13,
          null,
          null,
          null,
          null,
          44,
          null,
          null,
          null,
          null,
          null,
          null,
          null,
          null,
          null
        ]
      },
      "/Users/ashleygarcia/Workspace/prism/prism/app/controllers/api/v1/auth_controller.rb": {
        "lines": [
          null,
          null,
          1,
          1,
          1,
          1,
          null,
          1,
          null,
          10,
          5,
          5,
          2,
          null,
          3,
          3,
          null,
          null,
          7,
          null,
          7,
          7,
          7,
          7,
          null,
          null,
          null,
          null,
          null,
          null,
          null,
          null,
          null,
          null,
          null,
          null,
          null,
          0,
          null,
          null,
          0,
          null,
          null,
          1,
          6,
          null,
          6,
          3,
          3,
          3,
          null,
          null,
          null,
          null,
          null,
          null,
          null,
          null,
          null,
          3,
          null,
          null,
          null,
          1,
          null,
          1,
          14,
          null,
          null,
          1,
          5,
          null,
          null,
          null,
          null
        ]
      },
      "/Users/ashleygarcia/Workspace/prism/prism/app/controllers/api/v1/datasets_controller.rb": {
        "lines": [
          null,
          null,
          1,
          1,
          1,
          1,
          2,
          2,
          null,
          2,
          null,
          null,
          4,
          null,
          null,
          null,
          null,
          null,
          null,
          null,
          null,
          1,
          6,
          6,
          6,
          4,
          4,
          null,
          null,
          null,
          null,
          null,
          null,
          2,
          null,
          null,
          null,
          1,
          2,
          2,
          null,
          2,
          0,
          null,
          null,
          2,
          null,
          null,
          null,
          null,
          null,
          null,
          null,
          null,
          1,
          null,
          1,
          6,
          null,
          null,
          null,
          null
        ]
      },
      "/Users/ashleygarcia/Workspace/prism/prism/app/controllers/api/v1/organizations_controller.rb": {
        "lines": [
          null,
          null,
          1,
          1,
          1,
          1,
          4,
          2,
          null,
          null,
          null,
          null,
          null,
          2,
          null,
          null,
          1,
          6,
          null,
          6,
          3,
          null,
          null,
          null,
          null,
          null,
          3,
          null,
          null,
          null,
          1,
          null,
          1,
          6,
          null,
          null,
          null,
          null
        ]
      },
      "/Users/ashleygarcia/Workspace/prism/prism/app/controllers/api/v1/queries_controller.rb": {
        "lines": [
          null,
          null,
          1,
          1,
          1,
          1,
          7,
          7,
          null,
          7,
          4,
          null,
          null,
          null,
          null,
          null,
          null,
          null,
          null,
          null,
          4,
          null,
          null,
          null,
          null,
          null,
          null,
          null,
          3,
          null,
          null,
          null,
          1,
          2,
          2,
          null,
          null,
          null,
          null,
          null,
          null,
          null,
          null,
          1,
          5,
          null,
          5,
          0,
          null,
          null,
          null,
          null,
          null,
          5,
          null,
          5,
          3,
          null,
          null,
          null,
          null,
          null,
          2,
          null,
          null,
          null,
          null,
          null,
          null,
          1,
          5,
          null,
          null,
          5,
          null,
          null,
          null,
          null,
          null,
          5,
          null,
          5,
          null,
          null,
          null,
          null,
          null,
          null,
          null,
          null,
          1,
          null,
          1,
          7,
          null,
          null,
          null,
          null
        ]
      },
      "/Users/ashleygarcia/Workspace/prism/prism/app/controllers/api/v1/runs_controller.rb": {
        "lines": [
          null,
          null,
          1,
          1,
          1,
          1,
          9,
          null,
          9,
          null,
          null,
          null,
          null,
          null,
          null,
          null,
          null,
          null,
          null,
          null,
          null,
          null,
          null,
          1,
          3,
          null,
          3,
          3,
          null,
          null,
          null,
          null,
          0,
          null,
          null,
          null,
          null,
          null,
          null,
          null,
          null
        ]
      },
      "/Users/ashleygarcia/Workspace/prism/prism/app/jobs/query_execution_job.rb": {
        "lines": [
          1,
          1,
          null,
          1,
          16,
          16,
          null,
          16,
          16,
          16,
          16,
          null,
          null,
          16,
          null,
          null,
          null,
          null,
          16,
          4,
          null,
          null,
          null,
          4,
          null,
          null,
          null,
          null,
          null,
          4,
          null,
          null,
          null,
          12,
          12,
          8,
          null,
          null,
          8,
          null,
          null,
          null,
          null,
          null,
          null,
          8,
          null,
          null,
          null,
          null,
          null,
          null,
          null,
          null,
          null,
          null,
          null,
          8,
          null,
          null,
          null,
          null,
          null,
          null,
          null,
          null,
          4,
          4,
          null,
          null,
          null,
          null,
          null,
          null,
          4,
          null,
          null,
          null,
          4,
          null,
          null,
          null,
          null,
          null,
          4,
          null,
          null
        ]
      },
      "/Users/ashleygarcia/Workspace/prism/prism/app/jobs/application_job.rb": {
        "lines": [
          1,
          null,
          null,
          null,
          null,
          null,
          null
        ]
      },
      "/Users/ashleygarcia/Workspace/prism/prism/app/models/audit_event.rb": {
        "lines": [
          1,
          1,
          1,
          null,
          null,
          1,
          null,
          null,
          null,
          null,
          null,
          null,
          null,
          null
        ]
      },
      "/Users/ashleygarcia/Workspace/prism/prism/app/models/application_record.rb": {
        "lines": [
          1,
          1,
          null
        ]
      },
      "/Users/ashleygarcia/Workspace/prism/prism/app/models/dataset.rb": {
        "lines": [
          1,
          1,
          1,
          1,
          null,
          1,
          null,
          1,
          null,
          1,
          null,
          1,
          106,
          null,
          null,
          null,
          null,
          null,
          null
        ]
      },
      "/Users/ashleygarcia/Workspace/prism/prism/app/models/organization.rb": {
        "lines": [
          1,
          1,
          1,
          null,
          1,
          null
        ]
      },
      "/Users/ashleygarcia/Workspace/prism/prism/app/models/policy.rb": {
        "lines": [
          1,
          1,
          null
        ]
      },
      "/Users/ashleygarcia/Workspace/prism/prism/app/models/privacy_budget.rb": {
        "lines": [
          null,
          null,
          1,
          1,
          null,
          1,
          1,
          1,
          1,
          null,
          1,
          null,
          1,
          38,
          null,
          null,
          1,
          27,
          null,
          null,
          1,
          null,
          1,
          172,
          null,
          172,
          1,
          null,
          null,
          null
        ]
      },
      "/Users/ashleygarcia/Workspace/prism/prism/app/models/query.rb": {
        "lines": [
          1,
          1,
          1,
          1,
          null,
          1,
          null,
          1,
          1,
          null,
          1,
          null,
          1,
          60,
          null,
          57,
          null,
          57,
          17,
          null,
          null,
          null,
          1,
          60,
          null,
          57,
          57,
          null,
          null
        ]
      },
      "/Users/ashleygarcia/Workspace/prism/prism/app/models/run.rb": {
        "lines": [
          1,
          1,
          1,
          null,
          null,
          1,
          null,
          null,
          null,
          null,
          null,
          null,
          1,
          null,
          null,
          1,
          6,
          null,
          null,
          1,
          1,
          null,
          null,
          1,
          1,
          null,
          null,
          1,
          1,
          null,
          null
        ]
      },
      "/Users/ashleygarcia/Workspace/prism/prism/app/models/user.rb": {
        "lines": [
          1,
          1,
          1,
          1,
          null,
          1,
          null,
          1,
          1,
          148,
          null
        ]
      },
      "/Users/ashleygarcia/Workspace/prism/prism/app/services/audit_logger.rb": {
        "lines": [
          null,
          1,
          1,
          1,
          46,
          null,
          null,
          null,
          null,
          null,
          null,
          null,
          null,
          null
        ]
      },
      "/Users/ashleygarcia/Workspace/prism/prism/app/services/privacy_budget_service.rb": {
        "lines": [
          null,
          null,
          1,
          1,
          1,
          24,
          null,
          24,
          0,
          null,
          null,
          null,
          null,
          null,
          null,
          24,
          24,
          null,
          7,
          null,
          null,
          null,
          null,
          null,
          null,
          null,
          null,
          null,
          17,
          null,
          null,
          17,
          null,
          null,
          null,
          null,
          null,
          null,
          1,
          11,
          null,
          11,
          11,
          null,
          null,
          null,
          null,
          null,
          11,
          null,
          null,
          1,
          7,
          null,
          7,
          7,
          null,
          null,
          null,
          null,
          7,
          null,
          null,
          null
        ]
      },
      "/Users/ashleygarcia/Workspace/prism/prism/app/services/query_validator.rb": {
        "lines": [
          1,
          null,
          1,
          1,
          1,
          null,
          1,
          1,
          147,
          null,
          null,
          147,
          null,
          null,
          147,
          null,
          147,
          0,
          0,
          null,
          null,
          null,
          147,
          null,
          null,
          147,
          147,
          null,
          null,
          147,
          2,
          null,
          null,
          null,
          147,
          5,
          null,
          null,
          null,
          147,
          null,
          null,
          337,
          147,
          0,
          null,
          null,
          147,
          null,
          null,
          120,
          null,
          null,
          120,
          null,
          null,
          null,
          null,
          0,
          0,
          null,
          null,
          null,
          1,
          null,
          1,
          null,
          27,
          null,
          null,
          null,
          null,
          null,
          1,
          147,
          null,
          147,
          147,
          null,
          147,
          null,
          null,
          1,
          147,
          null,
          147,
          341,
          null,
          341,
          341,
          null,
          147,
          294,
          null,
          null,
          null,
          1,
          147,
          null,
          null,
          147,
          147,
          341,
          null,
          341,
          341,
          null,
          190,
          190,
          190,
          null,
          null,
          null,
          147,
          null,
          null,
          1,
          315,
          null,
          630,
          null,
          null,
          1,
          274,
          null,
          null,
          1,
          129,
          null,
          null,
          125,
          null,
          null,
          1,
          125,
          null,
          null,
          125,
          125,
          125,
          null,
          null,
          125,
          null,
          null,
          125,
          125,
          125,
          125,
          null,
          null,
          125,
          null,
          125,
          null,
          null,
          null,
          null,
          0,
          0,
          0,
          null,
          null,
          0,
          null,
          null,
          1,
          null,
          147,
          147,
          341,
          341,
          null,
          null,
          null,
          null,
          null,
          143,
          282,
          null,
          null,
          null,
          143,
          2,
          null,
          null,
          143,
          null,
          null,
          1,
          343,
          null,
          null,
          343,
          null,
          null,
          339,
          90852,
          90852,
          null,
          339,
          0,
          339,
          0,
          null,
          null,
          null,
          339,
          null,
          null,
          1,
          120,
          null,
          120,
          181,
          null,
          121,
          null,
          60,
          null,
          null,
          null,
          120,
          null,
          null,
          null
        ]
      },
      "/Users/ashleygarcia/Workspace/prism/prism/app/controllers/application_controller.rb": {
        "lines": [
          1,
          null,
          1,
          null
        ]
      },
      "/Users/ashleygarcia/Workspace/prism/prism/lib/json_web_token.rb": {
        "lines": [
          null,
          1,
          null,
          1,
          1,
          null,
          1,
          148,
          null,
          null,
          null,
          null,
          null,
          1,
          79,
          79,
          79,
          79,
          null,
          null,
          null,
          1,
          69,
          null,
          201,
          67,
          null,
          null,
          null
        ]
      },
      "/Users/ashleygarcia/Workspace/prism/prism/app/services/dp_sandbox.rb": {
        "lines": [
          1,
          1,
          12,
          null,
          null,
          1,
          null,
          null,
          null,
          8,
          8,
          null,
          8,
          8,
          null,
          null,
          8,
          null,
          null,
          8,
          null,
          null,
          null,
          null,
          null,
          null,
          null,
          1,
          null,
          1,
          null,
          8,
          8,
          0,
          0,
          0,
          0,
          0,
          0,
          0,
          0,
          null,
          null,
          0,
          null,
          null,
          null
        ]
      },
      "/Users/ashleygarcia/Workspace/prism/prism/app/controllers/api/v1/audits_controller.rb": {
        "lines": [
          null,
          null,
          0,
          0,
          0,
          0,
          0,
          0
        ],
        "branches": {}
      },
      "/Users/ashleygarcia/Workspace/prism/prism/app/controllers/api/v1/data_rooms_controller.rb": {
        "lines": [
          null,
          null,
          0,
          0,
          0,
          0,
          0,
          0
        ],
        "branches": {}
      },
      "/Users/ashleygarcia/Workspace/prism/prism/app/controllers/api/v1/policies_controller.rb": {
        "lines": [
          null,
          null,
          0,
          0,
          0,
          0,
          0,
          0
        ],
        "branches": {}
      },
      "/Users/ashleygarcia/Workspace/prism/prism/app/mailers/application_mailer.rb": {
        "lines": [
          0,
          0,
          0,
          0
        ],
        "branches": {}
      }
    },
    "timestamp": 1761770845
  },
  "Cucumber": {
    "coverage": {
      "/Users/ashleygarcia/Workspace/prism/prism/app/models/organization.rb": {
        "lines": [
          1,
          1,
          1,
          null,
          1,
          null
        ]
      },
      "/Users/ashleygarcia/Workspace/prism/prism/app/models/application_record.rb": {
        "lines": [
          1,
          1,
          null
        ]
      },
      "/Users/ashleygarcia/Workspace/prism/prism/app/controllers/api/v1/auth_controller.rb": {
        "lines": [
          null,
          null,
          1,
          1,
          1,
          1,
          null,
          1,
          null,
          2,
          1,
          1,
          1,
          null,
          0,
          0,
          null,
          null,
          2,
          null,
          2,
          2,
          2,
          2,
          null,
          null,
          null,
          null,
          null,
          null,
          null,
          null,
          null,
          null,
          null,
          null,
          null,
          0,
          null,
          null,
          0,
          null,
          null,
          1,
          2,
          null,
          2,
          1,
          1,
          1,
          null,
          null,
          null,
          null,
          null,
          null,
          null,
          null,
          null,
          1,
          null,
          null,
          null,
          1,
          null,
          1,
          4,
          null,
          null,
          1,
          1,
          null,
          null,
          null,
          null
        ]
      },
      "/Users/ashleygarcia/Workspace/prism/prism/app/controllers/api/base_controller.rb": {
        "lines": [
          null,
          null,
          1,
          1,
          1,
          null,
          1,
          null,
          1,
          null,
          1,
          11,
          null,
          11,
          1,
          1,
          null,
          null,
          10,
          null,
          null,
          10,
          10,
          null,
          0,
          null,
          0,
          null,
          null,
          null,
          1,
          null,
          null,
          null,
          null
        ]
      },
      "/Users/ashleygarcia/Workspace/prism/prism/app/models/user.rb": {
        "lines": [
          1,
          1,
          1,
          1,
          null,
          1,
          null,
          1,
          1,
          30,
          null
        ]
      },
      "/Users/ashleygarcia/Workspace/prism/prism/lib/json_web_token.rb": {
        "lines": [
          null,
          1,
          null,
          1,
          1,
          null,
          1,
          40,
          null,
          null,
          null,
          null,
          null,
          1,
          28,
          28,
          28,
          28,
          null,
          null,
          null,
          1,
          12,
          null,
          36,
          12,
          null,
          null,
          null
        ]
      },
      "/Users/ashleygarcia/Workspace/prism/prism/app/services/audit_logger.rb": {
        "lines": [
          null,
          1,
          1,
          1,
          8,
          null,
          null,
          null,
          null,
          null,
          null,
          null,
          null,
          null
        ]
      },
      "/Users/ashleygarcia/Workspace/prism/prism/app/models/audit_event.rb": {
        "lines": [
          1,
          1,
          1,
          null,
          null,
          1,
          null,
          null,
          null,
          null,
          null,
          null,
          null,
          null
        ]
      },
      "/Users/ashleygarcia/Workspace/prism/prism/app/controllers/api/v1/organizations_controller.rb": {
        "lines": [
          null,
          null,
          1,
          1,
          1,
          1,
          1,
          1,
          null,
          null,
          null,
          null,
          null,
          0,
          null,
          null,
          1,
          0,
          null,
          0,
          0,
          null,
          null,
          null,
          null,
          null,
          0,
          null,
          null,
          null,
          1,
          null,
          1,
          0,
          null,
          null,
          null,
          null
        ]
      },
      "/Users/ashleygarcia/Workspace/prism/prism/app/controllers/api/v1/datasets_controller.rb": {
        "lines": [
          null,
          null,
          1,
          1,
          1,
          1,
          0,
          0,
          null,
          0,
          null,
          null,
          0,
          null,
          null,
          null,
          null,
          null,
          null,
          null,
          null,
          1,
          1,
          1,
          1,
          1,
          1,
          null,
          null,
          null,
          null,
          null,
          null,
          0,
          null,
          null,
          null,
          1,
          1,
          1,
          null,
          1,
          0,
          null,
          null,
          1,
          null,
          null,
          null,
          null,
          null,
          null,
          null,
          null,
          1,
          null,
          1,
          1,
          null,
          null,
          null,
          null
        ]
      },
      "/Users/ashleygarcia/Workspace/prism/prism/app/models/dataset.rb": {
        "lines": [
          1,
          1,
          1,
          1,
          null,
          1,
          null,
          1,
          null,
          1,
          null,
          1,
          24,
          null,
          null,
          null,
          null,
          null,
          null
        ]
      },
      "/Users/ashleygarcia/Workspace/prism/prism/app/models/privacy_budget.rb": {
        "lines": [
          null,
          null,
          1,
          1,
          null,
          1,
          1,
          1,
          1,
          null,
          1,
          null,
          1,
          9,
          null,
          null,
          1,
          6,
          null,
          null,
          1,
          null,
          1,
          37,
          null,
          37,
          0,
          null,
          null,
          null
        ]
      },
      "/Users/ashleygarcia/Workspace/prism/prism/app/services/privacy_budget_service.rb": {
        "lines": [
          null,
          null,
          1,
          1,
          1,
          6,
          null,
          6,
          0,
          null,
          null,
          null,
          null,
          null,
          null,
          6,
          6,
          null,
          2,
          null,
          null,
          null,
          null,
          null,
          null,
          null,
          null,
          null,
          4,
          null,
          null,
          4,
          null,
          null,
          null,
          null,
          null,
          null,
          1,
          3,
          null,
          3,
          3,
          null,
          null,
          null,
          null,
          null,
          3,
          null,
          null,
          1,
          1,
          null,
          1,
          1,
          null,
          null,
          null,
          null,
          1,
          null,
          null,
          null
        ]
      },
      "/Users/ashleygarcia/Workspace/prism/prism/app/controllers/api/v1/queries_controller.rb": {
        "lines": [
          null,
          null,
          1,
          1,
          1,
          1,
          2,
          2,
          null,
          2,
          1,
          null,
          null,
          null,
          null,
          null,
          null,
          null,
          null,
          null,
          1,
          null,
          null,
          null,
          null,
          null,
          null,
          null,
          1,
          null,
          null,
          null,
          1,
          0,
          0,
          null,
          null,
          null,
          null,
          null,
          null,
          null,
          null,
          1,
          2,
          null,
          2,
          0,
          null,
          null,
          null,
          null,
          null,
          2,
          null,
          2,
          1,
          null,
          null,
          null,
          null,
          null,
          1,
          null,
          null,
          null,
          null,
          null,
          null,
          1,
          1,
          null,
          null,
          1,
          null,
          null,
          null,
          null,
          null,
          1,
          null,
          1,
          null,
          null,
          null,
          null,
          null,
          null,
          null,
          null,
          1,
          null,
          1,
          2,
          null,
          null,
          null,
          null
        ]
      },
      "/Users/ashleygarcia/Workspace/prism/prism/app/models/query.rb": {
        "lines": [
          1,
          1,
          1,
          1,
          null,
          1,
          null,
          1,
          1,
          null,
          1,
          null,
          1,
          8,
          null,
          8,
          null,
          8,
          3,
          null,
          null,
          null,
          1,
          8,
          null,
          8,
          8,
          null,
          null
        ]
      },
      "/Users/ashleygarcia/Workspace/prism/prism/app/services/query_validator.rb": {
        "lines": [
          1,
          null,
          1,
          1,
          1,
          null,
          1,
          1,
          26,
          null,
          null,
          26,
          null,
          null,
          26,
          null,
          26,
          0,
          0,
          null,
          null,
          null,
          26,
          null,
          null,
          26,
          26,
          null,
          null,
          26,
          1,
          null,
          null,
          null,
          26,
          2,
          null,
          null,
          null,
          26,
          null,
          null,
          55,
          26,
          0,
          null,
          null,
          26,
          null,
          null,
          17,
          null,
          null,
          17,
          null,
          null,
          null,
          null,
          0,
          0,
          null,
          null,
          null,
          1,
          null,
          1,
          null,
          9,
          null,
          null,
          null,
          null,
          null,
          1,
          26,
          null,
          26,
          26,
          null,
          26,
          null,
          null,
          1,
          26,
          null,
          26,
          56,
          null,
          56,
          56,
          null,
          26,
          52,
          null,
          null,
          null,
          1,
          26,
          null,
          null,
          26,
          26,
          56,
          null,
          56,
          56,
          null,
          29,
          29,
          29,
          null,
          null,
          null,
          26,
          null,
          null,
          1,
          48,
          null,
          96,
          null,
          null,
          1,
          46,
          null,
          null,
          1,
          20,
          null,
          null,
          19,
          null,
          null,
          1,
          19,
          null,
          null,
          19,
          19,
          19,
          null,
          null,
          19,
          null,
          null,
          19,
          19,
          19,
          19,
          null,
          null,
          19,
          null,
          19,
          null,
          null,
          null,
          null,
          0,
          0,
          0,
          null,
          null,
          0,
          null,
          null,
          1,
          null,
          26,
          26,
          56,
          56,
          null,
          null,
          null,
          null,
          null,
          25,
          50,
          null,
          null,
          null,
          25,
          1,
          null,
          null,
          25,
          null,
          null,
          1,
          57,
          null,
          null,
          57,
          null,
          null,
          56,
          15008,
          15008,
          null,
          56,
          0,
          56,
          0,
          null,
          null,
          null,
          56,
          null,
          null,
          1,
          17,
          null,
          17,
          25,
          null,
          17,
          null,
          8,
          null,
          null,
          null,
          17,
          null,
          null,
          null
        ]
      },
      "/Users/ashleygarcia/Workspace/prism/prism/app/models/run.rb": {
        "lines": [
          1,
          1,
          1,
          null,
          null,
          1,
          null,
          null,
          null,
          null,
          null,
          null,
          1,
          null,
          null,
          1,
          1,
          null,
          null,
          1,
          0,
          null,
          null,
          1,
          0,
          null,
          null,
          1,
          0,
          null,
          null
        ]
      },
      "/Users/ashleygarcia/Workspace/prism/prism/app/jobs/query_execution_job.rb": {
        "lines": [
          1,
          1,
          null,
          1,
          3,
          3,
          null,
          3,
          3,
          3,
          3,
          null,
          null,
          3,
          null,
          null,
          null,
          null,
          3,
          1,
          null,
          null,
          null,
          1,
          null,
          null,
          null,
          null,
          null,
          1,
          null,
          null,
          null,
          2,
          2,
          2,
          null,
          null,
          2,
          null,
          null,
          null,
          null,
          null,
          null,
          2,
          null,
          null,
          null,
          null,
          null,
          null,
          null,
          null,
          null,
          null,
          null,
          2,
          null,
          null,
          null,
          null,
          null,
          null,
          null,
          null,
          0,
          0,
          null,
          null,
          null,
          null,
          null,
          null,
          0,
          null,
          null,
          null,
          0,
          null,
          null,
          null,
          null,
          null,
          0,
          null,
          null
        ]
      },
      "/Users/ashleygarcia/Workspace/prism/prism/app/jobs/application_job.rb": {
        "lines": [
          1,
          null,
          null,
          null,
          null,
          null,
          null
        ]
      },
      "/Users/ashleygarcia/Workspace/prism/prism/app/services/dp_sandbox.rb": {
        "lines": [
          1,
          1,
          2,
          null,
          null,
          1,
          null,
          null,
          null,
          2,
          2,
          null,
          2,
          2,
          null,
          null,
          2,
          null,
          null,
          2,
          null,
          null,
          null,
          null,
          null,
          null,
          null,
          1,
          null,
          1,
          null,
          2,
          2,
          0,
          0,
          0,
          0,
          0,
          0,
          0,
          0,
          null,
          null,
          0,
          null,
          null,
          null
        ]
      },
      "/Users/ashleygarcia/Workspace/prism/prism/app/controllers/api/v1/runs_controller.rb": {
        "lines": [
          null,
          null,
          1,
          1,
          1,
          1,
          1,
          null,
          1,
          null,
          null,
          null,
          null,
          null,
          null,
          null,
          null,
          null,
          null,
          null,
          null,
          null,
          null,
          1,
          1,
          null,
          1,
          1,
          null,
          null,
          null,
          null,
          0,
          null,
          null,
          null,
          null,
          null,
          null,
          null,
          null
        ]
      },
      "/Users/ashleygarcia/Workspace/prism/prism/app/controllers/api/v1/audit_events_controller.rb": {
        "lines": [
          0,
          0,
          0,
          0,
          0,
          0,
          0,
          null,
          0,
          0,
          null,
          0,
          null,
          0,
          0,
          0,
          0,
          0,
          0,
          0,
          0,
          0,
          0,
          0,
          0,
          0,
          0,
          0
        ],
        "branches": {}
      },
      "/Users/ashleygarcia/Workspace/prism/prism/app/controllers/api/v1/audits_controller.rb": {
        "lines": [
          null,
          null,
          0,
          0,
          0,
          0,
          0,
          0
        ],
        "branches": {}
      },
      "/Users/ashleygarcia/Workspace/prism/prism/app/controllers/api/v1/data_rooms_controller.rb": {
        "lines": [
          null,
          null,
          0,
          0,
          0,
          0,
          0,
          0
        ],
        "branches": {}
      },
      "/Users/ashleygarcia/Workspace/prism/prism/app/controllers/api/v1/policies_controller.rb": {
        "lines": [
          null,
          null,
          0,
          0,
          0,
          0,
          0,
          0
        ],
        "branches": {}
      },
      "/Users/ashleygarcia/Workspace/prism/prism/app/controllers/application_controller.rb": {
        "lines": [
          0,
          null,
          0,
          0
        ],
        "branches": {}
      },
      "/Users/ashleygarcia/Workspace/prism/prism/app/helpers/application_helper.rb": {
        "lines": [
          0,
          0
        ],
        "branches": {}
      },
      "/Users/ashleygarcia/Workspace/prism/prism/app/mailers/application_mailer.rb": {
        "lines": [
          0,
          0,
          0,
          0
        ],
        "branches": {}
      },
      "/Users/ashleygarcia/Workspace/prism/prism/app/models/policy.rb": {
        "lines": [
          0,
          0,
          0
        ],
        "branches": {}
      }
    },
    "timestamp": 1761770846
  }
}
